[ 2014-03-27T14:10:30+08:00 ] 127.0.0.1 /mybbs/index.php/Home/Index/yzm.html
INFO: [ app_init ] --START--
INFO: Run Behavior\BuildLiteBehavior [ RunTime:0.000000s ]
INFO: [ app_init ] --END-- [ RunTime:0.000000s ]
INFO: [ app_begin ] --START--
INFO: Run Behavior\ReadHtmlCacheBehavior [ RunTime:0.000000s ]
INFO: [ app_begin ] --END-- [ RunTime:0.015625s ]
INFO: [ app_end ] --START--
INFO: Run Behavior\ShowPageTraceBehavior [ RunTime:0.000000s ]
INFO: [ app_end ] --END-- [ RunTime:0.000000s ]

[ 2014-03-27T14:10:32+08:00 ] 127.0.0.1 /mybbs/index.php/Home/Show/showManage/mbid/24/p/2.html
INFO: [ app_init ] --START--
INFO: Run Behavior\BuildLiteBehavior [ RunTime:0.000000s ]
INFO: [ app_init ] --END-- [ RunTime:0.000000s ]
INFO: [ app_begin ] --START--
INFO: Run Behavior\ReadHtmlCacheBehavior [ RunTime:0.000000s ]
INFO: [ app_begin ] --END-- [ RunTime:0.000000s ]
SQL: SHOW COLUMNS FROM `user_message` [ RunTime:0.000000s ]
ERR: 1146:Table 'bbs.user_message' doesn't exist
 [ SQL语句 ] : SHOW COLUMNS FROM `user_message`
SQL: SHOW COLUMNS FROM user,message [ RunTime:0.000000s ]
ERR: 1064:You have an error in your SQL syntax; check the manual that corresponds to your MySQL server version for the right syntax to use near 'message' at line 1
 [ SQL语句 ] : SHOW COLUMNS FROM user,message
SQL: SELECT user.upic,user.sname,message.mbip,message.mbdate,message.mbtitle,message.mbcontent FROM `user`,`message` WHERE ( message.mbid=24 and user.uid=message.uid )  [ RunTime:0.000000s ]
SQL: SHOW COLUMNS FROM message,user [ RunTime:0.000000s ]
ERR: 1064:You have an error in your SQL syntax; check the manual that corresponds to your MySQL server version for the right syntax to use near 'user' at line 1
 [ SQL语句 ] : SHOW COLUMNS FROM message,user
SQL: SELECT user.sname,user.upic FROM `message`,`user` WHERE ( message.mbid=24 and user.uid=message.uid )  [ RunTime:0.000000s ]
SQL: SHOW COLUMNS FROM `user_messages` [ RunTime:0.000000s ]
ERR: 1146:Table 'bbs.user_messages' doesn't exist
 [ SQL语句 ] : SHOW COLUMNS FROM `user_messages`
SQL: SHOW COLUMNS FROM user,messages [ RunTime:0.000000s ]
ERR: 1064:You have an error in your SQL syntax; check the manual that corresponds to your MySQL server version for the right syntax to use near 'messages' at line 1
 [ SQL语句 ] : SHOW COLUMNS FROM user,messages
SQL: SELECT COUNT(messages.uid) AS tp_count FROM `user`,`messages` WHERE ( messages.mbid=24 and user.uid=messages.uid ) LIMIT 1   [ RunTime:0.000000s ]
SQL: SHOW COLUMNS FROM user,messages [ RunTime:0.000000s ]
ERR: 1064:You have an error in your SQL syntax; check the manual that corresponds to your MySQL server version for the right syntax to use near 'messages' at line 1
 [ SQL语句 ] : SHOW COLUMNS FROM user,messages
SQL: SELECT user.sname,messages.hcontent,messages.htime,user.upic FROM `user`,`messages` WHERE ( messages.mbid=24 and user.uid=messages.uid ) LIMIT 5,5   [ RunTime:0.000000s ]
INFO: [ view_parse ] --START--
NOTIC: [8] Undefined offset: 1 D:\wamp\www\mybbs\ThinkPHP\Library\Think\Template\TagLib\Cx.class.php 第 495 行.
NOTIC: [8] Undefined offset: 1 D:\wamp\www\mybbs\ThinkPHP\Library\Think\Template\TagLib\Cx.class.php 第 495 行.
NOTIC: [8] Undefined offset: 1 D:\wamp\www\mybbs\ThinkPHP\Library\Think\Template\TagLib\Cx.class.php 第 495 行.
NOTIC: [8] Undefined offset: 1 D:\wamp\www\mybbs\ThinkPHP\Library\Think\Template\TagLib\Cx.class.php 第 495 行.
NOTIC: [8] Undefined offset: 1 D:\wamp\www\mybbs\ThinkPHP\Library\Think\Template\TagLib\Cx.class.php 第 495 行.
NOTIC: [8] Undefined offset: 1 D:\wamp\www\mybbs\ThinkPHP\Library\Think\Template\TagLib\Cx.class.php 第 495 行.
INFO: [ template_filter ] --START--
INFO: Run Behavior\ContentReplaceBehavior [ RunTime:0.000000s ]
INFO: [ template_filter ] --END-- [ RunTime:0.000000s ]
INFO: Run Behavior\ParseTemplateBehavior [ RunTime:0.109375s ]
INFO: [ view_parse ] --END-- [ RunTime:0.109375s ]
INFO: [ view_filter ] --START--
INFO: Run Behavior\WriteHtmlCacheBehavior [ RunTime:0.000000s ]
INFO: [ view_filter ] --END-- [ RunTime:0.000000s ]
INFO: [ app_end ] --START--
INFO: Run Behavior\ShowPageTraceBehavior [ RunTime:0.000000s ]
INFO: [ app_end ] --END-- [ RunTime:0.000000s ]

[ 2014-03-27T14:10:32+08:00 ] 127.0.0.1 /mybbs/index.php/Home/Index/yzm.html
INFO: [ app_init ] --START--
INFO: Run Behavior\BuildLiteBehavior [ RunTime:0.000000s ]
INFO: [ app_init ] --END-- [ RunTime:0.000000s ]
INFO: [ app_begin ] --START--
INFO: Run Behavior\ReadHtmlCacheBehavior [ RunTime:0.000000s ]
INFO: [ app_begin ] --END-- [ RunTime:0.000000s ]
INFO: [ app_end ] --START--
INFO: Run Behavior\ShowPageTraceBehavior [ RunTime:0.000000s ]
INFO: [ app_end ] --END-- [ RunTime:0.000000s ]

[ 2014-03-27T14:10:52+08:00 ] 127.0.0.1 /mybbs/index.php/Home/Show/showManage/mbid/24/p/2.html
INFO: [ app_init ] --START--
INFO: Run Behavior\BuildLiteBehavior [ RunTime:0.000000s ]
INFO: [ app_init ] --END-- [ RunTime:0.000000s ]
INFO: [ app_begin ] --START--
INFO: Run Behavior\ReadHtmlCacheBehavior [ RunTime:0.000000s ]
INFO: [ app_begin ] --END-- [ RunTime:0.000000s ]
SQL: SHOW COLUMNS FROM `user_message` [ RunTime:0.000000s ]
ERR: 1146:Table 'bbs.user_message' doesn't exist
 [ SQL语句 ] : SHOW COLUMNS FROM `user_message`
SQL: SHOW COLUMNS FROM user,message [ RunTime:0.000000s ]
ERR: 1064:You have an error in your SQL syntax; check the manual that corresponds to your MySQL server version for the right syntax to use near 'message' at line 1
 [ SQL语句 ] : SHOW COLUMNS FROM user,message
SQL: SELECT user.upic,user.sname,message.mbip,message.mbdate,message.mbtitle,message.mbcontent FROM `user`,`message` WHERE ( message.mbid=24 and user.uid=message.uid )  [ RunTime:0.000000s ]
SQL: SHOW COLUMNS FROM message,user [ RunTime:0.000000s ]
ERR: 1064:You have an error in your SQL syntax; check the manual that corresponds to your MySQL server version for the right syntax to use near 'user' at line 1
 [ SQL语句 ] : SHOW COLUMNS FROM message,user
SQL: SELECT user.sname,user.upic FROM `message`,`user` WHERE ( message.mbid=24 and user.uid=message.uid )  [ RunTime:0.015625s ]
SQL: SHOW COLUMNS FROM `user_messages` [ RunTime:0.000000s ]
ERR: 1146:Table 'bbs.user_messages' doesn't exist
 [ SQL语句 ] : SHOW COLUMNS FROM `user_messages`
SQL: SHOW COLUMNS FROM user,messages [ RunTime:0.000000s ]
ERR: 1064:You have an error in your SQL syntax; check the manual that corresponds to your MySQL server version for the right syntax to use near 'messages' at line 1
 [ SQL语句 ] : SHOW COLUMNS FROM user,messages
SQL: SELECT COUNT(messages.uid) AS tp_count FROM `user`,`messages` WHERE ( messages.mbid=24 and user.uid=messages.uid ) LIMIT 1   [ RunTime:0.000000s ]
SQL: SHOW COLUMNS FROM user,messages [ RunTime:0.000000s ]
ERR: 1064:You have an error in your SQL syntax; check the manual that corresponds to your MySQL server version for the right syntax to use near 'messages' at line 1
 [ SQL语句 ] : SHOW COLUMNS FROM user,messages
SQL: SELECT user.sname,messages.hcontent,messages.htime,user.upic FROM `user`,`messages` WHERE ( messages.mbid=24 and user.uid=messages.uid ) LIMIT 5,5   [ RunTime:0.000000s ]
INFO: [ view_parse ] --START--
NOTIC: [8] Undefined offset: 1 D:\wamp\www\mybbs\ThinkPHP\Library\Think\Template\TagLib\Cx.class.php 第 495 行.
NOTIC: [8] Undefined offset: 1 D:\wamp\www\mybbs\ThinkPHP\Library\Think\Template\TagLib\Cx.class.php 第 495 行.
NOTIC: [8] Undefined offset: 1 D:\wamp\www\mybbs\ThinkPHP\Library\Think\Template\TagLib\Cx.class.php 第 495 行.
NOTIC: [8] Undefined offset: 1 D:\wamp\www\mybbs\ThinkPHP\Library\Think\Template\TagLib\Cx.class.php 第 495 行.
NOTIC: [8] Undefined offset: 1 D:\wamp\www\mybbs\ThinkPHP\Library\Think\Template\TagLib\Cx.class.php 第 495 行.
NOTIC: [8] Undefined offset: 1 D:\wamp\www\mybbs\ThinkPHP\Library\Think\Template\TagLib\Cx.class.php 第 495 行.
INFO: [ template_filter ] --START--
INFO: Run Behavior\ContentReplaceBehavior [ RunTime:0.000000s ]
INFO: [ template_filter ] --END-- [ RunTime:0.000000s ]
INFO: Run Behavior\ParseTemplateBehavior [ RunTime:0.062500s ]
INFO: [ view_parse ] --END-- [ RunTime:0.062500s ]
INFO: [ view_filter ] --START--
INFO: Run Behavior\WriteHtmlCacheBehavior [ RunTime:0.000000s ]
INFO: [ view_filter ] --END-- [ RunTime:0.015625s ]
INFO: [ app_end ] --START--
INFO: Run Behavior\ShowPageTraceBehavior [ RunTime:0.000000s ]
INFO: [ app_end ] --END-- [ RunTime:0.000000s ]

[ 2014-03-27T14:10:52+08:00 ] 127.0.0.1 /mybbs/index.php/Home/Index/yzm.html
INFO: [ app_init ] --START--
INFO: Run Behavior\BuildLiteBehavior [ RunTime:0.000000s ]
INFO: [ app_init ] --END-- [ RunTime:0.000000s ]
INFO: [ app_begin ] --START--
INFO: Run Behavior\ReadHtmlCacheBehavior [ RunTime:0.000000s ]
INFO: [ app_begin ] --END-- [ RunTime:0.000000s ]
INFO: [ app_end ] --START--
INFO: Run Behavior\ShowPageTraceBehavior [ RunTime:0.000000s ]
INFO: [ app_end ] --END-- [ RunTime:0.015625s ]

[ 2014-03-27T14:10:54+08:00 ] 127.0.0.1 /mybbs/index.php/Home/Show/showManage/mbid/24/p/2.html
INFO: [ app_init ] --START--
INFO: Run Behavior\BuildLiteBehavior [ RunTime:0.000000s ]
INFO: [ app_init ] --END-- [ RunTime:0.000000s ]
INFO: [ app_begin ] --START--
INFO: Run Behavior\ReadHtmlCacheBehavior [ RunTime:0.000000s ]
INFO: [ app_begin ] --END-- [ RunTime:0.000000s ]
SQL: SHOW COLUMNS FROM `user_message` [ RunTime:0.000000s ]
ERR: 1146:Table 'bbs.user_message' doesn't exist
 [ SQL语句 ] : SHOW COLUMNS FROM `user_message`
SQL: SHOW COLUMNS FROM user,message [ RunTime:0.000000s ]
ERR: 1064:You have an error in your SQL syntax; check the manual that corresponds to your MySQL server version for the right syntax to use near 'message' at line 1
 [ SQL语句 ] : SHOW COLUMNS FROM user,message
SQL: SELECT user.upic,user.sname,message.mbip,message.mbdate,message.mbtitle,message.mbcontent FROM `user`,`message` WHERE ( message.mbid=24 and user.uid=message.uid )  [ RunTime:0.000000s ]
SQL: SHOW COLUMNS FROM message,user [ RunTime:0.000000s ]
ERR: 1064:You have an error in your SQL syntax; check the manual that corresponds to your MySQL server version for the right syntax to use near 'user' at line 1
 [ SQL语句 ] : SHOW COLUMNS FROM message,user
SQL: SELECT user.sname,user.upic FROM `message`,`user` WHERE ( message.mbid=24 and user.uid=message.uid )  [ RunTime:0.000000s ]
SQL: SHOW COLUMNS FROM `user_messages` [ RunTime:0.000000s ]
ERR: 1146:Table 'bbs.user_messages' doesn't exist
 [ SQL语句 ] : SHOW COLUMNS FROM `user_messages`
SQL: SHOW COLUMNS FROM user,messages [ RunTime:0.000000s ]
ERR: 1064:You have an error in your SQL syntax; check the manual that corresponds to your MySQL server version for the right syntax to use near 'messages' at line 1
 [ SQL语句 ] : SHOW COLUMNS FROM user,messages
SQL: SELECT COUNT(messages.uid) AS tp_count FROM `user`,`messages` WHERE ( messages.mbid=24 and user.uid=messages.uid ) LIMIT 1   [ RunTime:0.015625s ]
SQL: SHOW COLUMNS FROM user,messages [ RunTime:0.000000s ]
ERR: 1064:You have an error in your SQL syntax; check the manual that corresponds to your MySQL server version for the right syntax to use near 'messages' at line 1
 [ SQL语句 ] : SHOW COLUMNS FROM user,messages
SQL: SELECT user.sname,messages.hcontent,messages.htime,user.upic FROM `user`,`messages` WHERE ( messages.mbid=24 and user.uid=messages.uid ) LIMIT 5,5   [ RunTime:0.000000s ]
INFO: [ view_parse ] --START--
NOTIC: [8] Undefined offset: 1 D:\wamp\www\mybbs\ThinkPHP\Library\Think\Template\TagLib\Cx.class.php 第 495 行.
NOTIC: [8] Undefined offset: 1 D:\wamp\www\mybbs\ThinkPHP\Library\Think\Template\TagLib\Cx.class.php 第 495 行.
NOTIC: [8] Undefined offset: 1 D:\wamp\www\mybbs\ThinkPHP\Library\Think\Template\TagLib\Cx.class.php 第 495 行.
NOTIC: [8] Undefined offset: 1 D:\wamp\www\mybbs\ThinkPHP\Library\Think\Template\TagLib\Cx.class.php 第 495 行.
NOTIC: [8] Undefined offset: 1 D:\wamp\www\mybbs\ThinkPHP\Library\Think\Template\TagLib\Cx.class.php 第 495 行.
NOTIC: [8] Undefined offset: 1 D:\wamp\www\mybbs\ThinkPHP\Library\Think\Template\TagLib\Cx.class.php 第 495 行.
INFO: [ template_filter ] --START--
INFO: Run Behavior\ContentReplaceBehavior [ RunTime:0.000000s ]
INFO: [ template_filter ] --END-- [ RunTime:0.015625s ]
INFO: Run Behavior\ParseTemplateBehavior [ RunTime:0.078125s ]
INFO: [ view_parse ] --END-- [ RunTime:0.078125s ]
INFO: [ view_filter ] --START--
INFO: Run Behavior\WriteHtmlCacheBehavior [ RunTime:0.000000s ]
INFO: [ view_filter ] --END-- [ RunTime:0.000000s ]
INFO: [ app_end ] --START--
INFO: Run Behavior\ShowPageTraceBehavior [ RunTime:0.000000s ]
INFO: [ app_end ] --END-- [ RunTime:0.000000s ]

[ 2014-03-27T14:10:54+08:00 ] 127.0.0.1 /mybbs/index.php/Home/Index/yzm.html
INFO: [ app_init ] --START--
INFO: Run Behavior\BuildLiteBehavior [ RunTime:0.015625s ]
INFO: [ app_init ] --END-- [ RunTime:0.015625s ]
INFO: [ app_begin ] --START--
INFO: Run Behavior\ReadHtmlCacheBehavior [ RunTime:0.000000s ]
INFO: [ app_begin ] --END-- [ RunTime:0.000000s ]
INFO: [ app_end ] --START--
INFO: Run Behavior\ShowPageTraceBehavior [ RunTime:0.000000s ]
INFO: [ app_end ] --END-- [ RunTime:0.000000s ]

[ 2014-03-27T14:11:21+08:00 ] 127.0.0.1 /mybbs/index.php/Home/Show/showManage/mbid/24/p/2.html
INFO: [ app_init ] --START--
INFO: Run Behavior\BuildLiteBehavior [ RunTime:0.000000s ]
INFO: [ app_init ] --END-- [ RunTime:0.000000s ]
INFO: [ app_begin ] --START--
INFO: Run Behavior\ReadHtmlCacheBehavior [ RunTime:0.000000s ]
INFO: [ app_begin ] --END-- [ RunTime:0.015625s ]
SQL: SHOW COLUMNS FROM `user_message` [ RunTime:0.000000s ]
ERR: 1146:Table 'bbs.user_message' doesn't exist
 [ SQL语句 ] : SHOW COLUMNS FROM `user_message`
SQL: SHOW COLUMNS FROM user,message [ RunTime:0.000000s ]
ERR: 1064:You have an error in your SQL syntax; check the manual that corresponds to your MySQL server version for the right syntax to use near 'message' at line 1
 [ SQL语句 ] : SHOW COLUMNS FROM user,message
SQL: SELECT user.upic,user.sname,message.mbip,message.mbdate,message.mbtitle,message.mbcontent FROM `user`,`message` WHERE ( message.mbid=24 and user.uid=message.uid )  [ RunTime:0.000000s ]
SQL: SHOW COLUMNS FROM message,user [ RunTime:0.000000s ]
ERR: 1064:You have an error in your SQL syntax; check the manual that corresponds to your MySQL server version for the right syntax to use near 'user' at line 1
 [ SQL语句 ] : SHOW COLUMNS FROM message,user
SQL: SELECT user.sname,user.upic FROM `message`,`user` WHERE ( message.mbid=24 and user.uid=message.uid )  [ RunTime:0.000000s ]
SQL: SHOW COLUMNS FROM `user_messages` [ RunTime:0.015625s ]
ERR: 1146:Table 'bbs.user_messages' doesn't exist
 [ SQL语句 ] : SHOW COLUMNS FROM `user_messages`
SQL: SHOW COLUMNS FROM user,messages [ RunTime:0.000000s ]
ERR: 1064:You have an error in your SQL syntax; check the manual that corresponds to your MySQL server version for the right syntax to use near 'messages' at line 1
 [ SQL语句 ] : SHOW COLUMNS FROM user,messages
SQL: SELECT COUNT(messages.uid) AS tp_count FROM `user`,`messages` WHERE ( messages.mbid=24 and user.uid=messages.uid ) LIMIT 1   [ RunTime:0.000000s ]
SQL: SHOW COLUMNS FROM user,messages [ RunTime:0.000000s ]
ERR: 1064:You have an error in your SQL syntax; check the manual that corresponds to your MySQL server version for the right syntax to use near 'messages' at line 1
 [ SQL语句 ] : SHOW COLUMNS FROM user,messages
SQL: SELECT user.sname,messages.hcontent,messages.htime,user.upic FROM `user`,`messages` WHERE ( messages.mbid=24 and user.uid=messages.uid ) LIMIT 5,5   [ RunTime:0.000000s ]
INFO: [ view_parse ] --START--
NOTIC: [8] Undefined offset: 1 D:\wamp\www\mybbs\ThinkPHP\Library\Think\Template\TagLib\Cx.class.php 第 495 行.
NOTIC: [8] Undefined offset: 1 D:\wamp\www\mybbs\ThinkPHP\Library\Think\Template\TagLib\Cx.class.php 第 495 行.
NOTIC: [8] Undefined offset: 1 D:\wamp\www\mybbs\ThinkPHP\Library\Think\Template\TagLib\Cx.class.php 第 495 行.
NOTIC: [8] Undefined offset: 1 D:\wamp\www\mybbs\ThinkPHP\Library\Think\Template\TagLib\Cx.class.php 第 495 行.
NOTIC: [8] Undefined offset: 1 D:\wamp\www\mybbs\ThinkPHP\Library\Think\Template\TagLib\Cx.class.php 第 495 行.
NOTIC: [8] Undefined offset: 1 D:\wamp\www\mybbs\ThinkPHP\Library\Think\Template\TagLib\Cx.class.php 第 495 行.
INFO: [ template_filter ] --START--
INFO: Run Behavior\ContentReplaceBehavior [ RunTime:0.000000s ]
INFO: [ template_filter ] --END-- [ RunTime:0.000000s ]
INFO: Run Behavior\ParseTemplateBehavior [ RunTime:0.078125s ]
INFO: [ view_parse ] --END-- [ RunTime:0.078125s ]
INFO: [ view_filter ] --START--
INFO: Run Behavior\WriteHtmlCacheBehavior [ RunTime:0.000000s ]
INFO: [ view_filter ] --END-- [ RunTime:0.015625s ]
INFO: [ app_end ] --START--
INFO: Run Behavior\ShowPageTraceBehavior [ RunTime:0.000000s ]
INFO: [ app_end ] --END-- [ RunTime:0.000000s ]

[ 2014-03-27T14:11:21+08:00 ] 127.0.0.1 /mybbs/index.php/Home/Index/yzm.html
INFO: [ app_init ] --START--
INFO: Run Behavior\BuildLiteBehavior [ RunTime:0.000000s ]
INFO: [ app_init ] --END-- [ RunTime:0.015625s ]
INFO: [ app_begin ] --START--
INFO: Run Behavior\ReadHtmlCacheBehavior [ RunTime:0.000000s ]
INFO: [ app_begin ] --END-- [ RunTime:0.000000s ]
INFO: [ app_end ] --START--
INFO: Run Behavior\ShowPageTraceBehavior [ RunTime:0.000000s ]
INFO: [ app_end ] --END-- [ RunTime:0.000000s ]

[ 2014-03-27T14:11:23+08:00 ] 127.0.0.1 /mybbs/index.php/Home/Show/showManage/mbid/24/p/2.html
INFO: [ app_init ] --START--
INFO: Run Behavior\BuildLiteBehavior [ RunTime:0.000000s ]
INFO: [ app_init ] --END-- [ RunTime:0.000000s ]
INFO: [ app_begin ] --START--
INFO: Run Behavior\ReadHtmlCacheBehavior [ RunTime:0.000000s ]
INFO: [ app_begin ] --END-- [ RunTime:0.000000s ]
SQL: SHOW COLUMNS FROM `user_message` [ RunTime:0.000000s ]
ERR: 1146:Table 'bbs.user_message' doesn't exist
 [ SQL语句 ] : SHOW COLUMNS FROM `user_message`
SQL: SHOW COLUMNS FROM user,message [ RunTime:0.000000s ]
ERR: 1064:You have an error in your SQL syntax; check the manual that corresponds to your MySQL server version for the right syntax to use near 'message' at line 1
 [ SQL语句 ] : SHOW COLUMNS FROM user,message
SQL: SELECT user.upic,user.sname,message.mbip,message.mbdate,message.mbtitle,message.mbcontent FROM `user`,`message` WHERE ( message.mbid=24 and user.uid=message.uid )  [ RunTime:0.000000s ]
SQL: SHOW COLUMNS FROM message,user [ RunTime:0.000000s ]
ERR: 1064:You have an error in your SQL syntax; check the manual that corresponds to your MySQL server version for the right syntax to use near 'user' at line 1
 [ SQL语句 ] : SHOW COLUMNS FROM message,user
SQL: SELECT user.sname,user.upic FROM `message`,`user` WHERE ( message.mbid=24 and user.uid=message.uid )  [ RunTime:0.000000s ]
SQL: SHOW COLUMNS FROM `user_messages` [ RunTime:0.015625s ]
ERR: 1146:Table 'bbs.user_messages' doesn't exist
 [ SQL语句 ] : SHOW COLUMNS FROM `user_messages`
SQL: SHOW COLUMNS FROM user,messages [ RunTime:0.000000s ]
ERR: 1064:You have an error in your SQL syntax; check the manual that corresponds to your MySQL server version for the right syntax to use near 'messages' at line 1
 [ SQL语句 ] : SHOW COLUMNS FROM user,messages
SQL: SELECT COUNT(messages.uid) AS tp_count FROM `user`,`messages` WHERE ( messages.mbid=24 and user.uid=messages.uid ) LIMIT 1   [ RunTime:0.000000s ]
SQL: SHOW COLUMNS FROM user,messages [ RunTime:0.000000s ]
ERR: 1064:You have an error in your SQL syntax; check the manual that corresponds to your MySQL server version for the right syntax to use near 'messages' at line 1
 [ SQL语句 ] : SHOW COLUMNS FROM user,messages
SQL: SELECT user.sname,messages.hcontent,messages.htime,user.upic FROM `user`,`messages` WHERE ( messages.mbid=24 and user.uid=messages.uid ) LIMIT 5,5   [ RunTime:0.000000s ]
INFO: [ view_parse ] --START--
NOTIC: [8] Undefined offset: 1 D:\wamp\www\mybbs\ThinkPHP\Library\Think\Template\TagLib\Cx.class.php 第 495 行.
NOTIC: [8] Undefined offset: 1 D:\wamp\www\mybbs\ThinkPHP\Library\Think\Template\TagLib\Cx.class.php 第 495 行.
NOTIC: [8] Undefined offset: 1 D:\wamp\www\mybbs\ThinkPHP\Library\Think\Template\TagLib\Cx.class.php 第 495 行.
NOTIC: [8] Undefined offset: 1 D:\wamp\www\mybbs\ThinkPHP\Library\Think\Template\TagLib\Cx.class.php 第 495 行.
NOTIC: [8] Undefined offset: 1 D:\wamp\www\mybbs\ThinkPHP\Library\Think\Template\TagLib\Cx.class.php 第 495 行.
NOTIC: [8] Undefined offset: 1 D:\wamp\www\mybbs\ThinkPHP\Library\Think\Template\TagLib\Cx.class.php 第 495 行.
INFO: [ template_filter ] --START--
INFO: Run Behavior\ContentReplaceBehavior [ RunTime:0.000000s ]
INFO: [ template_filter ] --END-- [ RunTime:0.000000s ]
INFO: Run Behavior\ParseTemplateBehavior [ RunTime:0.078125s ]
INFO: [ view_parse ] --END-- [ RunTime:0.078125s ]
INFO: [ view_filter ] --START--
INFO: Run Behavior\WriteHtmlCacheBehavior [ RunTime:0.000000s ]
INFO: [ view_filter ] --END-- [ RunTime:0.015625s ]
INFO: [ app_end ] --START--
INFO: Run Behavior\ShowPageTraceBehavior [ RunTime:0.000000s ]
INFO: [ app_end ] --END-- [ RunTime:0.000000s ]

[ 2014-03-27T14:11:23+08:00 ] 127.0.0.1 /mybbs/index.php/Home/Index/yzm.html
INFO: [ app_init ] --START--
INFO: Run Behavior\BuildLiteBehavior [ RunTime:0.000000s ]
INFO: [ app_init ] --END-- [ RunTime:0.000000s ]
INFO: [ app_begin ] --START--
INFO: Run Behavior\ReadHtmlCacheBehavior [ RunTime:0.000000s ]
INFO: [ app_begin ] --END-- [ RunTime:0.000000s ]
INFO: [ app_end ] --START--
INFO: Run Behavior\ShowPageTraceBehavior [ RunTime:0.000000s ]
INFO: [ app_end ] --END-- [ RunTime:0.000000s ]

[ 2014-03-27T14:11:31+08:00 ] 127.0.0.1 /mybbs/index.php/Home/Show/showManage/mbid/24/p/2.html
INFO: [ app_init ] --START--
INFO: Run Behavior\BuildLiteBehavior [ RunTime:0.000000s ]
INFO: [ app_init ] --END-- [ RunTime:0.000000s ]
INFO: [ app_begin ] --START--
INFO: Run Behavior\ReadHtmlCacheBehavior [ RunTime:0.000000s ]
INFO: [ app_begin ] --END-- [ RunTime:0.000000s ]
SQL: SHOW COLUMNS FROM `user_message` [ RunTime:0.015625s ]
ERR: 1146:Table 'bbs.user_message' doesn't exist
 [ SQL语句 ] : SHOW COLUMNS FROM `user_message`
SQL: SHOW COLUMNS FROM user,message [ RunTime:0.000000s ]
ERR: 1064:You have an error in your SQL syntax; check the manual that corresponds to your MySQL server version for the right syntax to use near 'message' at line 1
 [ SQL语句 ] : SHOW COLUMNS FROM user,message
SQL: SELECT user.upic,user.sname,message.mbip,message.mbdate,message.mbtitle,message.mbcontent FROM `user`,`message` WHERE ( message.mbid=24 and user.uid=message.uid )  [ RunTime:0.000000s ]
SQL: SHOW COLUMNS FROM message,user [ RunTime:0.000000s ]
ERR: 1064:You have an error in your SQL syntax; check the manual that corresponds to your MySQL server version for the right syntax to use near 'user' at line 1
 [ SQL语句 ] : SHOW COLUMNS FROM message,user
SQL: SELECT user.sname,user.upic FROM `message`,`user` WHERE ( message.mbid=24 and user.uid=message.uid )  [ RunTime:0.000000s ]
SQL: SHOW COLUMNS FROM `user_messages` [ RunTime:0.000000s ]
ERR: 1146:Table 'bbs.user_messages' doesn't exist
 [ SQL语句 ] : SHOW COLUMNS FROM `user_messages`
SQL: SHOW COLUMNS FROM user,messages [ RunTime:0.000000s ]
ERR: 1064:You have an error in your SQL syntax; check the manual that corresponds to your MySQL server version for the right syntax to use near 'messages' at line 1
 [ SQL语句 ] : SHOW COLUMNS FROM user,messages
SQL: SELECT COUNT(messages.uid) AS tp_count FROM `user`,`messages` WHERE ( messages.mbid=24 and user.uid=messages.uid ) LIMIT 1   [ RunTime:0.000000s ]
SQL: SHOW COLUMNS FROM user,messages [ RunTime:0.000000s ]
ERR: 1064:You have an error in your SQL syntax; check the manual that corresponds to your MySQL server version for the right syntax to use near 'messages' at line 1
 [ SQL语句 ] : SHOW COLUMNS FROM user,messages
SQL: SELECT user.sname,messages.hcontent,messages.htime,user.upic FROM `user`,`messages` WHERE ( messages.mbid=24 and user.uid=messages.uid ) LIMIT 5,5   [ RunTime:0.000000s ]
INFO: [ view_parse ] --START--
NOTIC: [8] Undefined offset: 1 D:\wamp\www\mybbs\ThinkPHP\Library\Think\Template\TagLib\Cx.class.php 第 495 行.
NOTIC: [8] Undefined offset: 1 D:\wamp\www\mybbs\ThinkPHP\Library\Think\Template\TagLib\Cx.class.php 第 495 行.
NOTIC: [8] Undefined offset: 1 D:\wamp\www\mybbs\ThinkPHP\Library\Think\Template\TagLib\Cx.class.php 第 495 行.
NOTIC: [8] Undefined offset: 1 D:\wamp\www\mybbs\ThinkPHP\Library\Think\Template\TagLib\Cx.class.php 第 495 行.
NOTIC: [8] Undefined offset: 1 D:\wamp\www\mybbs\ThinkPHP\Library\Think\Template\TagLib\Cx.class.php 第 495 行.
NOTIC: [8] Undefined offset: 1 D:\wamp\www\mybbs\ThinkPHP\Library\Think\Template\TagLib\Cx.class.php 第 495 行.
INFO: [ template_filter ] --START--
INFO: Run Behavior\ContentReplaceBehavior [ RunTime:0.000000s ]
INFO: [ template_filter ] --END-- [ RunTime:0.000000s ]
INFO: Run Behavior\ParseTemplateBehavior [ RunTime:0.078125s ]
INFO: [ view_parse ] --END-- [ RunTime:0.078125s ]
INFO: [ view_filter ] --START--
INFO: Run Behavior\WriteHtmlCacheBehavior [ RunTime:0.000000s ]
INFO: [ view_filter ] --END-- [ RunTime:0.000000s ]
INFO: [ app_end ] --START--
INFO: Run Behavior\ShowPageTraceBehavior [ RunTime:0.000000s ]
INFO: [ app_end ] --END-- [ RunTime:0.000000s ]

[ 2014-03-27T14:11:31+08:00 ] 127.0.0.1 /mybbs/index.php/Home/Index/yzm.html
INFO: [ app_init ] --START--
INFO: Run Behavior\BuildLiteBehavior [ RunTime:0.000000s ]
INFO: [ app_init ] --END-- [ RunTime:0.000000s ]
INFO: [ app_begin ] --START--
INFO: Run Behavior\ReadHtmlCacheBehavior [ RunTime:0.000000s ]
INFO: [ app_begin ] --END-- [ RunTime:0.000000s ]
INFO: [ app_end ] --START--
INFO: Run Behavior\ShowPageTraceBehavior [ RunTime:0.015625s ]
INFO: [ app_end ] --END-- [ RunTime:0.015625s ]

[ 2014-03-27T14:11:33+08:00 ] 127.0.0.1 /mybbs/index.php/Home/Show/showManage/mbid/24/p/1.html
INFO: [ app_init ] --START--
INFO: Run Behavior\BuildLiteBehavior [ RunTime:0.000000s ]
INFO: [ app_init ] --END-- [ RunTime:0.000000s ]
INFO: [ app_begin ] --START--
INFO: Run Behavior\ReadHtmlCacheBehavior [ RunTime:0.000000s ]
INFO: [ app_begin ] --END-- [ RunTime:0.000000s ]
SQL: SHOW COLUMNS FROM `user_message` [ RunTime:0.000000s ]
ERR: 1146:Table 'bbs.user_message' doesn't exist
 [ SQL语句 ] : SHOW COLUMNS FROM `user_message`
SQL: SHOW COLUMNS FROM user,message [ RunTime:0.000000s ]
ERR: 1064:You have an error in your SQL syntax; check the manual that corresponds to your MySQL server version for the right syntax to use near 'message' at line 1
 [ SQL语句 ] : SHOW COLUMNS FROM user,message
SQL: SELECT user.upic,user.sname,message.mbip,message.mbdate,message.mbtitle,message.mbcontent FROM `user`,`message` WHERE ( message.mbid=24 and user.uid=message.uid )  [ RunTime:0.000000s ]
SQL: SHOW COLUMNS FROM message,user [ RunTime:0.000000s ]
ERR: 1064:You have an error in your SQL syntax; check the manual that corresponds to your MySQL server version for the right syntax to use near 'user' at line 1
 [ SQL语句 ] : SHOW COLUMNS FROM message,user
SQL: SELECT user.sname,user.upic FROM `message`,`user` WHERE ( message.mbid=24 and user.uid=message.uid )  [ RunTime:0.000000s ]
SQL: SHOW COLUMNS FROM `user_messages` [ RunTime:0.015625s ]
ERR: 1146:Table 'bbs.user_messages' doesn't exist
 [ SQL语句 ] : SHOW COLUMNS FROM `user_messages`
SQL: SHOW COLUMNS FROM user,messages [ RunTime:0.000000s ]
ERR: 1064:You have an error in your SQL syntax; check the manual that corresponds to your MySQL server version for the right syntax to use near 'messages' at line 1
 [ SQL语句 ] : SHOW COLUMNS FROM user,messages
SQL: SELECT COUNT(messages.uid) AS tp_count FROM `user`,`messages` WHERE ( messages.mbid=24 and user.uid=messages.uid ) LIMIT 1   [ RunTime:0.000000s ]
SQL: SHOW COLUMNS FROM user,messages [ RunTime:0.000000s ]
ERR: 1064:You have an error in your SQL syntax; check the manual that corresponds to your MySQL server version for the right syntax to use near 'messages' at line 1
 [ SQL语句 ] : SHOW COLUMNS FROM user,messages
SQL: SELECT user.sname,messages.hcontent,messages.htime,user.upic FROM `user`,`messages` WHERE ( messages.mbid=24 and user.uid=messages.uid ) LIMIT 0,5   [ RunTime:0.000000s ]
INFO: [ view_parse ] --START--
NOTIC: [8] Undefined offset: 1 D:\wamp\www\mybbs\ThinkPHP\Library\Think\Template\TagLib\Cx.class.php 第 495 行.
NOTIC: [8] Undefined offset: 1 D:\wamp\www\mybbs\ThinkPHP\Library\Think\Template\TagLib\Cx.class.php 第 495 行.
NOTIC: [8] Undefined offset: 1 D:\wamp\www\mybbs\ThinkPHP\Library\Think\Template\TagLib\Cx.class.php 第 495 行.
NOTIC: [8] Undefined offset: 1 D:\wamp\www\mybbs\ThinkPHP\Library\Think\Template\TagLib\Cx.class.php 第 495 行.
NOTIC: [8] Undefined offset: 1 D:\wamp\www\mybbs\ThinkPHP\Library\Think\Template\TagLib\Cx.class.php 第 495 行.
NOTIC: [8] Undefined offset: 1 D:\wamp\www\mybbs\ThinkPHP\Library\Think\Template\TagLib\Cx.class.php 第 495 行.
INFO: [ template_filter ] --START--
INFO: Run Behavior\ContentReplaceBehavior [ RunTime:0.000000s ]
INFO: [ template_filter ] --END-- [ RunTime:0.000000s ]
INFO: Run Behavior\ParseTemplateBehavior [ RunTime:0.093750s ]
INFO: [ view_parse ] --END-- [ RunTime:0.093750s ]
INFO: [ view_filter ] --START--
INFO: Run Behavior\WriteHtmlCacheBehavior [ RunTime:0.000000s ]
INFO: [ view_filter ] --END-- [ RunTime:0.000000s ]
INFO: [ app_end ] --START--
INFO: Run Behavior\ShowPageTraceBehavior [ RunTime:0.000000s ]
INFO: [ app_end ] --END-- [ RunTime:0.000000s ]

[ 2014-03-27T14:11:33+08:00 ] 127.0.0.1 /mybbs/index.php/Home/Index/yzm.html
INFO: [ app_init ] --START--
INFO: Run Behavior\BuildLiteBehavior [ RunTime:0.000000s ]
INFO: [ app_init ] --END-- [ RunTime:0.000000s ]
INFO: [ app_begin ] --START--
INFO: Run Behavior\ReadHtmlCacheBehavior [ RunTime:0.000000s ]
INFO: [ app_begin ] --END-- [ RunTime:0.000000s ]
INFO: [ app_end ] --START--
INFO: Run Behavior\ShowPageTraceBehavior [ RunTime:0.000000s ]
INFO: [ app_end ] --END-- [ RunTime:0.000000s ]

[ 2014-03-27T14:11:34+08:00 ] 127.0.0.1 /mybbs/index.php/Home/Show/showManage/mbid/24/p/2.html
INFO: [ app_init ] --START--
INFO: Run Behavior\BuildLiteBehavior [ RunTime:0.000000s ]
INFO: [ app_init ] --END-- [ RunTime:0.000000s ]
INFO: [ app_begin ] --START--
INFO: Run Behavior\ReadHtmlCacheBehavior [ RunTime:0.000000s ]
INFO: [ app_begin ] --END-- [ RunTime:0.000000s ]
SQL: SHOW COLUMNS FROM `user_message` [ RunTime:0.000000s ]
ERR: 1146:Table 'bbs.user_message' doesn't exist
 [ SQL语句 ] : SHOW COLUMNS FROM `user_message`
SQL: SHOW COLUMNS FROM user,message [ RunTime:0.000000s ]
ERR: 1064:You have an error in your SQL syntax; check the manual that corresponds to your MySQL server version for the right syntax to use near 'message' at line 1
 [ SQL语句 ] : SHOW COLUMNS FROM user,message
SQL: SELECT user.upic,user.sname,message.mbip,message.mbdate,message.mbtitle,message.mbcontent FROM `user`,`message` WHERE ( message.mbid=24 and user.uid=message.uid )  [ RunTime:0.000000s ]
SQL: SHOW COLUMNS FROM message,user [ RunTime:0.000000s ]
ERR: 1064:You have an error in your SQL syntax; check the manual that corresponds to your MySQL server version for the right syntax to use near 'user' at line 1
 [ SQL语句 ] : SHOW COLUMNS FROM message,user
SQL: SELECT user.sname,user.upic FROM `message`,`user` WHERE ( message.mbid=24 and user.uid=message.uid )  [ RunTime:0.000000s ]
SQL: SHOW COLUMNS FROM `user_messages` [ RunTime:0.015625s ]
ERR: 1146:Table 'bbs.user_messages' doesn't exist
 [ SQL语句 ] : SHOW COLUMNS FROM `user_messages`
SQL: SHOW COLUMNS FROM user,messages [ RunTime:0.000000s ]
ERR: 1064:You have an error in your SQL syntax; check the manual that corresponds to your MySQL server version for the right syntax to use near 'messages' at line 1
 [ SQL语句 ] : SHOW COLUMNS FROM user,messages
SQL: SELECT COUNT(messages.uid) AS tp_count FROM `user`,`messages` WHERE ( messages.mbid=24 and user.uid=messages.uid ) LIMIT 1   [ RunTime:0.000000s ]
SQL: SHOW COLUMNS FROM user,messages [ RunTime:0.000000s ]
ERR: 1064:You have an error in your SQL syntax; check the manual that corresponds to your MySQL server version for the right syntax to use near 'messages' at line 1
 [ SQL语句 ] : SHOW COLUMNS FROM user,messages
SQL: SELECT user.sname,messages.hcontent,messages.htime,user.upic FROM `user`,`messages` WHERE ( messages.mbid=24 and user.uid=messages.uid ) LIMIT 5,5   [ RunTime:0.000000s ]
INFO: [ view_parse ] --START--
NOTIC: [8] Undefined offset: 1 D:\wamp\www\mybbs\ThinkPHP\Library\Think\Template\TagLib\Cx.class.php 第 495 行.
NOTIC: [8] Undefined offset: 1 D:\wamp\www\mybbs\ThinkPHP\Library\Think\Template\TagLib\Cx.class.php 第 495 行.
NOTIC: [8] Undefined offset: 1 D:\wamp\www\mybbs\ThinkPHP\Library\Think\Template\TagLib\Cx.class.php 第 495 行.
NOTIC: [8] Undefined offset: 1 D:\wamp\www\mybbs\ThinkPHP\Library\Think\Template\TagLib\Cx.class.php 第 495 行.
NOTIC: [8] Undefined offset: 1 D:\wamp\www\mybbs\ThinkPHP\Library\Think\Template\TagLib\Cx.class.php 第 495 行.
NOTIC: [8] Undefined offset: 1 D:\wamp\www\mybbs\ThinkPHP\Library\Think\Template\TagLib\Cx.class.php 第 495 行.
INFO: [ template_filter ] --START--
INFO: Run Behavior\ContentReplaceBehavior [ RunTime:0.000000s ]
INFO: [ template_filter ] --END-- [ RunTime:0.000000s ]
INFO: Run Behavior\ParseTemplateBehavior [ RunTime:0.078125s ]
INFO: [ view_parse ] --END-- [ RunTime:0.078125s ]
INFO: [ view_filter ] --START--
INFO: Run Behavior\WriteHtmlCacheBehavior [ RunTime:0.000000s ]
INFO: [ view_filter ] --END-- [ RunTime:0.000000s ]
INFO: [ app_end ] --START--
INFO: Run Behavior\ShowPageTraceBehavior [ RunTime:0.000000s ]
INFO: [ app_end ] --END-- [ RunTime:0.000000s ]

[ 2014-03-27T14:11:34+08:00 ] 127.0.0.1 /mybbs/index.php/Home/Index/yzm.html
INFO: [ app_init ] --START--
INFO: Run Behavior\BuildLiteBehavior [ RunTime:0.000000s ]
INFO: [ app_init ] --END-- [ RunTime:0.000000s ]
INFO: [ app_begin ] --START--
INFO: Run Behavior\ReadHtmlCacheBehavior [ RunTime:0.000000s ]
INFO: [ app_begin ] --END-- [ RunTime:0.000000s ]
INFO: [ app_end ] --START--
INFO: Run Behavior\ShowPageTraceBehavior [ RunTime:0.000000s ]
INFO: [ app_end ] --END-- [ RunTime:0.000000s ]

[ 2014-03-27T14:11:35+08:00 ] 127.0.0.1 /mybbs/index.php/Home/Show/showManage/mbid/24/p/1.html
INFO: [ app_init ] --START--
INFO: Run Behavior\BuildLiteBehavior [ RunTime:0.000000s ]
INFO: [ app_init ] --END-- [ RunTime:0.000000s ]
INFO: [ app_begin ] --START--
INFO: Run Behavior\ReadHtmlCacheBehavior [ RunTime:0.000000s ]
INFO: [ app_begin ] --END-- [ RunTime:0.000000s ]
SQL: SHOW COLUMNS FROM `user_message` [ RunTime:0.000000s ]
ERR: 1146:Table 'bbs.user_message' doesn't exist
 [ SQL语句 ] : SHOW COLUMNS FROM `user_message`
SQL: SHOW COLUMNS FROM user,message [ RunTime:0.000000s ]
ERR: 1064:You have an error in your SQL syntax; check the manual that corresponds to your MySQL server version for the right syntax to use near 'message' at line 1
 [ SQL语句 ] : SHOW COLUMNS FROM user,message
SQL: SELECT user.upic,user.sname,message.mbip,message.mbdate,message.mbtitle,message.mbcontent FROM `user`,`message` WHERE ( message.mbid=24 and user.uid=message.uid )  [ RunTime:0.000000s ]
SQL: SHOW COLUMNS FROM message,user [ RunTime:0.000000s ]
ERR: 1064:You have an error in your SQL syntax; check the manual that corresponds to your MySQL server version for the right syntax to use near 'user' at line 1
 [ SQL语句 ] : SHOW COLUMNS FROM message,user
SQL: SELECT user.sname,user.upic FROM `message`,`user` WHERE ( message.mbid=24 and user.uid=message.uid )  [ RunTime:0.000000s ]
SQL: SHOW COLUMNS FROM `user_messages` [ RunTime:0.015625s ]
ERR: 1146:Table 'bbs.user_messages' doesn't exist
 [ SQL语句 ] : SHOW COLUMNS FROM `user_messages`
SQL: SHOW COLUMNS FROM user,messages [ RunTime:0.000000s ]
ERR: 1064:You have an error in your SQL syntax; check the manual that corresponds to your MySQL server version for the right syntax to use near 'messages' at line 1
 [ SQL语句 ] : SHOW COLUMNS FROM user,messages
SQL: SELECT COUNT(messages.uid) AS tp_count FROM `user`,`messages` WHERE ( messages.mbid=24 and user.uid=messages.uid ) LIMIT 1   [ RunTime:0.000000s ]
SQL: SHOW COLUMNS FROM user,messages [ RunTime:0.000000s ]
ERR: 1064:You have an error in your SQL syntax; check the manual that corresponds to your MySQL server version for the right syntax to use near 'messages' at line 1
 [ SQL语句 ] : SHOW COLUMNS FROM user,messages
SQL: SELECT user.sname,messages.hcontent,messages.htime,user.upic FROM `user`,`messages` WHERE ( messages.mbid=24 and user.uid=messages.uid ) LIMIT 0,5   [ RunTime:0.000000s ]
INFO: [ view_parse ] --START--
NOTIC: [8] Undefined offset: 1 D:\wamp\www\mybbs\ThinkPHP\Library\Think\Template\TagLib\Cx.class.php 第 495 行.
NOTIC: [8] Undefined offset: 1 D:\wamp\www\mybbs\ThinkPHP\Library\Think\Template\TagLib\Cx.class.php 第 495 行.
NOTIC: [8] Undefined offset: 1 D:\wamp\www\mybbs\ThinkPHP\Library\Think\Template\TagLib\Cx.class.php 第 495 行.
NOTIC: [8] Undefined offset: 1 D:\wamp\www\mybbs\ThinkPHP\Library\Think\Template\TagLib\Cx.class.php 第 495 行.
NOTIC: [8] Undefined offset: 1 D:\wamp\www\mybbs\ThinkPHP\Library\Think\Template\TagLib\Cx.class.php 第 495 行.
NOTIC: [8] Undefined offset: 1 D:\wamp\www\mybbs\ThinkPHP\Library\Think\Template\TagLib\Cx.class.php 第 495 行.
INFO: [ template_filter ] --START--
INFO: Run Behavior\ContentReplaceBehavior [ RunTime:0.000000s ]
INFO: [ template_filter ] --END-- [ RunTime:0.000000s ]
INFO: Run Behavior\ParseTemplateBehavior [ RunTime:0.078125s ]
INFO: [ view_parse ] --END-- [ RunTime:0.078125s ]
INFO: [ view_filter ] --START--
INFO: Run Behavior\WriteHtmlCacheBehavior [ RunTime:0.000000s ]
INFO: [ view_filter ] --END-- [ RunTime:0.000000s ]
INFO: [ app_end ] --START--
INFO: Run Behavior\ShowPageTraceBehavior [ RunTime:0.015625s ]
INFO: [ app_end ] --END-- [ RunTime:0.015625s ]

[ 2014-03-27T14:11:35+08:00 ] 127.0.0.1 /mybbs/index.php/Home/Index/yzm.html
INFO: [ app_init ] --START--
INFO: Run Behavior\BuildLiteBehavior [ RunTime:0.000000s ]
INFO: [ app_init ] --END-- [ RunTime:0.000000s ]
INFO: [ app_begin ] --START--
INFO: Run Behavior\ReadHtmlCacheBehavior [ RunTime:0.000000s ]
INFO: [ app_begin ] --END-- [ RunTime:0.015625s ]
INFO: [ app_end ] --START--
INFO: Run Behavior\ShowPageTraceBehavior [ RunTime:0.000000s ]
INFO: [ app_end ] --END-- [ RunTime:0.000000s ]

[ 2014-03-27T14:11:36+08:00 ] 127.0.0.1 /mybbs/index.php/Home/Show/showManage/mbid/24/p/2.html
INFO: [ app_init ] --START--
INFO: Run Behavior\BuildLiteBehavior [ RunTime:0.000000s ]
INFO: [ app_init ] --END-- [ RunTime:0.000000s ]
INFO: [ app_begin ] --START--
INFO: Run Behavior\ReadHtmlCacheBehavior [ RunTime:0.000000s ]
INFO: [ app_begin ] --END-- [ RunTime:0.000000s ]
SQL: SHOW COLUMNS FROM `user_message` [ RunTime:0.000000s ]
ERR: 1146:Table 'bbs.user_message' doesn't exist
 [ SQL语句 ] : SHOW COLUMNS FROM `user_message`
SQL: SHOW COLUMNS FROM user,message [ RunTime:0.000000s ]
ERR: 1064:You have an error in your SQL syntax; check the manual that corresponds to your MySQL server version for the right syntax to use near 'message' at line 1
 [ SQL语句 ] : SHOW COLUMNS FROM user,message
SQL: SELECT user.upic,user.sname,message.mbip,message.mbdate,message.mbtitle,message.mbcontent FROM `user`,`message` WHERE ( message.mbid=24 and user.uid=message.uid )  [ RunTime:0.000000s ]
SQL: SHOW COLUMNS FROM message,user [ RunTime:0.000000s ]
ERR: 1064:You have an error in your SQL syntax; check the manual that corresponds to your MySQL server version for the right syntax to use near 'user' at line 1
 [ SQL语句 ] : SHOW COLUMNS FROM message,user
SQL: SELECT user.sname,user.upic FROM `message`,`user` WHERE ( message.mbid=24 and user.uid=message.uid )  [ RunTime:0.000000s ]
SQL: SHOW COLUMNS FROM `user_messages` [ RunTime:0.000000s ]
ERR: 1146:Table 'bbs.user_messages' doesn't exist
 [ SQL语句 ] : SHOW COLUMNS FROM `user_messages`
SQL: SHOW COLUMNS FROM user,messages [ RunTime:0.000000s ]
ERR: 1064:You have an error in your SQL syntax; check the manual that corresponds to your MySQL server version for the right syntax to use near 'messages' at line 1
 [ SQL语句 ] : SHOW COLUMNS FROM user,messages
SQL: SELECT COUNT(messages.uid) AS tp_count FROM `user`,`messages` WHERE ( messages.mbid=24 and user.uid=messages.uid ) LIMIT 1   [ RunTime:0.000000s ]
SQL: SHOW COLUMNS FROM user,messages [ RunTime:0.000000s ]
ERR: 1064:You have an error in your SQL syntax; check the manual that corresponds to your MySQL server version for the right syntax to use near 'messages' at line 1
 [ SQL语句 ] : SHOW COLUMNS FROM user,messages
SQL: SELECT user.sname,messages.hcontent,messages.htime,user.upic FROM `user`,`messages` WHERE ( messages.mbid=24 and user.uid=messages.uid ) LIMIT 5,5   [ RunTime:0.000000s ]
INFO: [ view_parse ] --START--
NOTIC: [8] Undefined offset: 1 D:\wamp\www\mybbs\ThinkPHP\Library\Think\Template\TagLib\Cx.class.php 第 495 行.
NOTIC: [8] Undefined offset: 1 D:\wamp\www\mybbs\ThinkPHP\Library\Think\Template\TagLib\Cx.class.php 第 495 行.
NOTIC: [8] Undefined offset: 1 D:\wamp\www\mybbs\ThinkPHP\Library\Think\Template\TagLib\Cx.class.php 第 495 行.
NOTIC: [8] Undefined offset: 1 D:\wamp\www\mybbs\ThinkPHP\Library\Think\Template\TagLib\Cx.class.php 第 495 行.
NOTIC: [8] Undefined offset: 1 D:\wamp\www\mybbs\ThinkPHP\Library\Think\Template\TagLib\Cx.class.php 第 495 行.
NOTIC: [8] Undefined offset: 1 D:\wamp\www\mybbs\ThinkPHP\Library\Think\Template\TagLib\Cx.class.php 第 495 行.
INFO: [ template_filter ] --START--
INFO: Run Behavior\ContentReplaceBehavior [ RunTime:0.000000s ]
INFO: [ template_filter ] --END-- [ RunTime:0.000000s ]
INFO: Run Behavior\ParseTemplateBehavior [ RunTime:0.062500s ]
INFO: [ view_parse ] --END-- [ RunTime:0.062500s ]
INFO: [ view_filter ] --START--
INFO: Run Behavior\WriteHtmlCacheBehavior [ RunTime:0.000000s ]
INFO: [ view_filter ] --END-- [ RunTime:0.015625s ]
INFO: [ app_end ] --START--
INFO: Run Behavior\ShowPageTraceBehavior [ RunTime:0.000000s ]
INFO: [ app_end ] --END-- [ RunTime:0.000000s ]

[ 2014-03-27T14:11:36+08:00 ] 127.0.0.1 /mybbs/index.php/Home/Index/yzm.html
INFO: [ app_init ] --START--
INFO: Run Behavior\BuildLiteBehavior [ RunTime:0.000000s ]
INFO: [ app_init ] --END-- [ RunTime:0.015625s ]
INFO: [ app_begin ] --START--
INFO: Run Behavior\ReadHtmlCacheBehavior [ RunTime:0.000000s ]
INFO: [ app_begin ] --END-- [ RunTime:0.000000s ]
INFO: [ app_end ] --START--
INFO: Run Behavior\ShowPageTraceBehavior [ RunTime:0.000000s ]
INFO: [ app_end ] --END-- [ RunTime:0.000000s ]

[ 2014-03-27T14:11:41+08:00 ] 127.0.0.1 /mybbs/index.php/Home/Show/showManage/mbid/24/p/1.html
INFO: [ app_init ] --START--
INFO: Run Behavior\BuildLiteBehavior [ RunTime:0.000000s ]
INFO: [ app_init ] --END-- [ RunTime:0.000000s ]
INFO: [ app_begin ] --START--
INFO: Run Behavior\ReadHtmlCacheBehavior [ RunTime:0.000000s ]
INFO: [ app_begin ] --END-- [ RunTime:0.000000s ]
SQL: SHOW COLUMNS FROM `user_message` [ RunTime:0.000000s ]
ERR: 1146:Table 'bbs.user_message' doesn't exist
 [ SQL语句 ] : SHOW COLUMNS FROM `user_message`
SQL: SHOW COLUMNS FROM user,message [ RunTime:0.000000s ]
ERR: 1064:You have an error in your SQL syntax; check the manual that corresponds to your MySQL server version for the right syntax to use near 'message' at line 1
 [ SQL语句 ] : SHOW COLUMNS FROM user,message
SQL: SELECT user.upic,user.sname,message.mbip,message.mbdate,message.mbtitle,message.mbcontent FROM `user`,`message` WHERE ( message.mbid=24 and user.uid=message.uid )  [ RunTime:0.000000s ]
SQL: SHOW COLUMNS FROM message,user [ RunTime:0.000000s ]
ERR: 1064:You have an error in your SQL syntax; check the manual that corresponds to your MySQL server version for the right syntax to use near 'user' at line 1
 [ SQL语句 ] : SHOW COLUMNS FROM message,user
SQL: SELECT user.sname,user.upic FROM `message`,`user` WHERE ( message.mbid=24 and user.uid=message.uid )  [ RunTime:0.000000s ]
SQL: SHOW COLUMNS FROM `user_messages` [ RunTime:0.000000s ]
ERR: 1146:Table 'bbs.user_messages' doesn't exist
 [ SQL语句 ] : SHOW COLUMNS FROM `user_messages`
SQL: SHOW COLUMNS FROM user,messages [ RunTime:0.000000s ]
ERR: 1064:You have an error in your SQL syntax; check the manual that corresponds to your MySQL server version for the right syntax to use near 'messages' at line 1
 [ SQL语句 ] : SHOW COLUMNS FROM user,messages
SQL: SELECT COUNT(messages.uid) AS tp_count FROM `user`,`messages` WHERE ( messages.mbid=24 and user.uid=messages.uid ) LIMIT 1   [ RunTime:0.000000s ]
SQL: SHOW COLUMNS FROM user,messages [ RunTime:0.000000s ]
ERR: 1064:You have an error in your SQL syntax; check the manual that corresponds to your MySQL server version for the right syntax to use near 'messages' at line 1
 [ SQL语句 ] : SHOW COLUMNS FROM user,messages
SQL: SELECT user.sname,messages.hcontent,messages.htime,user.upic FROM `user`,`messages` WHERE ( messages.mbid=24 and user.uid=messages.uid ) LIMIT 0,5   [ RunTime:0.000000s ]
INFO: [ view_parse ] --START--
NOTIC: [8] Undefined offset: 1 D:\wamp\www\mybbs\ThinkPHP\Library\Think\Template\TagLib\Cx.class.php 第 495 行.
NOTIC: [8] Undefined offset: 1 D:\wamp\www\mybbs\ThinkPHP\Library\Think\Template\TagLib\Cx.class.php 第 495 行.
NOTIC: [8] Undefined offset: 1 D:\wamp\www\mybbs\ThinkPHP\Library\Think\Template\TagLib\Cx.class.php 第 495 行.
NOTIC: [8] Undefined offset: 1 D:\wamp\www\mybbs\ThinkPHP\Library\Think\Template\TagLib\Cx.class.php 第 495 行.
NOTIC: [8] Undefined offset: 1 D:\wamp\www\mybbs\ThinkPHP\Library\Think\Template\TagLib\Cx.class.php 第 495 行.
NOTIC: [8] Undefined offset: 1 D:\wamp\www\mybbs\ThinkPHP\Library\Think\Template\TagLib\Cx.class.php 第 495 行.
INFO: [ template_filter ] --START--
INFO: Run Behavior\ContentReplaceBehavior [ RunTime:0.000000s ]
INFO: [ template_filter ] --END-- [ RunTime:0.000000s ]
INFO: Run Behavior\ParseTemplateBehavior [ RunTime:0.093750s ]
INFO: [ view_parse ] --END-- [ RunTime:0.093750s ]
INFO: [ view_filter ] --START--
INFO: Run Behavior\WriteHtmlCacheBehavior [ RunTime:0.000000s ]
INFO: [ view_filter ] --END-- [ RunTime:0.000000s ]
INFO: [ app_end ] --START--
INFO: Run Behavior\ShowPageTraceBehavior [ RunTime:0.000000s ]
INFO: [ app_end ] --END-- [ RunTime:0.000000s ]

[ 2014-03-27T14:11:41+08:00 ] 127.0.0.1 /mybbs/index.php/Home/Index/yzm.html
INFO: [ app_init ] --START--
INFO: Run Behavior\BuildLiteBehavior [ RunTime:0.000000s ]
INFO: [ app_init ] --END-- [ RunTime:0.000000s ]
INFO: [ app_begin ] --START--
INFO: Run Behavior\ReadHtmlCacheBehavior [ RunTime:0.000000s ]
INFO: [ app_begin ] --END-- [ RunTime:0.000000s ]
INFO: [ app_end ] --START--
INFO: Run Behavior\ShowPageTraceBehavior [ RunTime:0.000000s ]
INFO: [ app_end ] --END-- [ RunTime:0.000000s ]

[ 2014-03-27T14:11:46+08:00 ] 127.0.0.1 /mybbs/index.php/Home/Show/showManage/mbid/24/p/2.html
INFO: [ app_init ] --START--
INFO: Run Behavior\BuildLiteBehavior [ RunTime:0.015625s ]
INFO: [ app_init ] --END-- [ RunTime:0.015625s ]
INFO: [ app_begin ] --START--
INFO: Run Behavior\ReadHtmlCacheBehavior [ RunTime:0.000000s ]
INFO: [ app_begin ] --END-- [ RunTime:0.000000s ]
SQL: SHOW COLUMNS FROM `user_message` [ RunTime:0.000000s ]
ERR: 1146:Table 'bbs.user_message' doesn't exist
 [ SQL语句 ] : SHOW COLUMNS FROM `user_message`
SQL: SHOW COLUMNS FROM user,message [ RunTime:0.000000s ]
ERR: 1064:You have an error in your SQL syntax; check the manual that corresponds to your MySQL server version for the right syntax to use near 'message' at line 1
 [ SQL语句 ] : SHOW COLUMNS FROM user,message
SQL: SELECT user.upic,user.sname,message.mbip,message.mbdate,message.mbtitle,message.mbcontent FROM `user`,`message` WHERE ( message.mbid=24 and user.uid=message.uid )  [ RunTime:0.000000s ]
SQL: SHOW COLUMNS FROM message,user [ RunTime:0.000000s ]
ERR: 1064:You have an error in your SQL syntax; check the manual that corresponds to your MySQL server version for the right syntax to use near 'user' at line 1
 [ SQL语句 ] : SHOW COLUMNS FROM message,user
SQL: SELECT user.sname,user.upic FROM `message`,`user` WHERE ( message.mbid=24 and user.uid=message.uid )  [ RunTime:0.000000s ]
SQL: SHOW COLUMNS FROM `user_messages` [ RunTime:0.000000s ]
ERR: 1146:Table 'bbs.user_messages' doesn't exist
 [ SQL语句 ] : SHOW COLUMNS FROM `user_messages`
SQL: SHOW COLUMNS FROM user,messages [ RunTime:0.000000s ]
ERR: 1064:You have an error in your SQL syntax; check the manual that corresponds to your MySQL server version for the right syntax to use near 'messages' at line 1
 [ SQL语句 ] : SHOW COLUMNS FROM user,messages
SQL: SELECT COUNT(messages.uid) AS tp_count FROM `user`,`messages` WHERE ( messages.mbid=24 and user.uid=messages.uid ) LIMIT 1   [ RunTime:0.000000s ]
SQL: SHOW COLUMNS FROM user,messages [ RunTime:0.000000s ]
ERR: 1064:You have an error in your SQL syntax; check the manual that corresponds to your MySQL server version for the right syntax to use near 'messages' at line 1
 [ SQL语句 ] : SHOW COLUMNS FROM user,messages
SQL: SELECT user.sname,messages.hcontent,messages.htime,user.upic FROM `user`,`messages` WHERE ( messages.mbid=24 and user.uid=messages.uid ) LIMIT 5,5   [ RunTime:0.000000s ]
INFO: [ view_parse ] --START--
NOTIC: [8] Undefined offset: 1 D:\wamp\www\mybbs\ThinkPHP\Library\Think\Template\TagLib\Cx.class.php 第 495 行.
NOTIC: [8] Undefined offset: 1 D:\wamp\www\mybbs\ThinkPHP\Library\Think\Template\TagLib\Cx.class.php 第 495 行.
NOTIC: [8] Undefined offset: 1 D:\wamp\www\mybbs\ThinkPHP\Library\Think\Template\TagLib\Cx.class.php 第 495 行.
NOTIC: [8] Undefined offset: 1 D:\wamp\www\mybbs\ThinkPHP\Library\Think\Template\TagLib\Cx.class.php 第 495 行.
NOTIC: [8] Undefined offset: 1 D:\wamp\www\mybbs\ThinkPHP\Library\Think\Template\TagLib\Cx.class.php 第 495 行.
NOTIC: [8] Undefined offset: 1 D:\wamp\www\mybbs\ThinkPHP\Library\Think\Template\TagLib\Cx.class.php 第 495 行.
INFO: [ template_filter ] --START--
INFO: Run Behavior\ContentReplaceBehavior [ RunTime:0.000000s ]
INFO: [ template_filter ] --END-- [ RunTime:0.000000s ]
INFO: Run Behavior\ParseTemplateBehavior [ RunTime:0.078125s ]
INFO: [ view_parse ] --END-- [ RunTime:0.078125s ]
INFO: [ view_filter ] --START--
INFO: Run Behavior\WriteHtmlCacheBehavior [ RunTime:0.000000s ]
INFO: [ view_filter ] --END-- [ RunTime:0.000000s ]
INFO: [ app_end ] --START--
INFO: Run Behavior\ShowPageTraceBehavior [ RunTime:0.000000s ]
INFO: [ app_end ] --END-- [ RunTime:0.000000s ]

[ 2014-03-27T14:11:46+08:00 ] 127.0.0.1 /mybbs/index.php/Home/Index/yzm.html
INFO: [ app_init ] --START--
INFO: Run Behavior\BuildLiteBehavior [ RunTime:0.000000s ]
INFO: [ app_init ] --END-- [ RunTime:0.000000s ]
INFO: [ app_begin ] --START--
INFO: Run Behavior\ReadHtmlCacheBehavior [ RunTime:0.000000s ]
INFO: [ app_begin ] --END-- [ RunTime:0.000000s ]
INFO: [ app_end ] --START--
INFO: Run Behavior\ShowPageTraceBehavior [ RunTime:0.000000s ]
INFO: [ app_end ] --END-- [ RunTime:0.000000s ]

[ 2014-03-27T14:11:47+08:00 ] 127.0.0.1 /mybbs/index.php/Home/Show/showManage/mbid/24/p/1.html
INFO: [ app_init ] --START--
INFO: Run Behavior\BuildLiteBehavior [ RunTime:0.000000s ]
INFO: [ app_init ] --END-- [ RunTime:0.000000s ]
INFO: [ app_begin ] --START--
INFO: Run Behavior\ReadHtmlCacheBehavior [ RunTime:0.000000s ]
INFO: [ app_begin ] --END-- [ RunTime:0.000000s ]
SQL: SHOW COLUMNS FROM `user_message` [ RunTime:0.015625s ]
ERR: 1146:Table 'bbs.user_message' doesn't exist
 [ SQL语句 ] : SHOW COLUMNS FROM `user_message`
SQL: SHOW COLUMNS FROM user,message [ RunTime:0.000000s ]
ERR: 1064:You have an error in your SQL syntax; check the manual that corresponds to your MySQL server version for the right syntax to use near 'message' at line 1
 [ SQL语句 ] : SHOW COLUMNS FROM user,message
SQL: SELECT user.upic,user.sname,message.mbip,message.mbdate,message.mbtitle,message.mbcontent FROM `user`,`message` WHERE ( message.mbid=24 and user.uid=message.uid )  [ RunTime:0.000000s ]
SQL: SHOW COLUMNS FROM message,user [ RunTime:0.000000s ]
ERR: 1064:You have an error in your SQL syntax; check the manual that corresponds to your MySQL server version for the right syntax to use near 'user' at line 1
 [ SQL语句 ] : SHOW COLUMNS FROM message,user
SQL: SELECT user.sname,user.upic FROM `message`,`user` WHERE ( message.mbid=24 and user.uid=message.uid )  [ RunTime:0.000000s ]
SQL: SHOW COLUMNS FROM `user_messages` [ RunTime:0.000000s ]
ERR: 1146:Table 'bbs.user_messages' doesn't exist
 [ SQL语句 ] : SHOW COLUMNS FROM `user_messages`
SQL: SHOW COLUMNS FROM user,messages [ RunTime:0.000000s ]
ERR: 1064:You have an error in your SQL syntax; check the manual that corresponds to your MySQL server version for the right syntax to use near 'messages' at line 1
 [ SQL语句 ] : SHOW COLUMNS FROM user,messages
SQL: SELECT COUNT(messages.uid) AS tp_count FROM `user`,`messages` WHERE ( messages.mbid=24 and user.uid=messages.uid ) LIMIT 1   [ RunTime:0.000000s ]
SQL: SHOW COLUMNS FROM user,messages [ RunTime:0.000000s ]
ERR: 1064:You have an error in your SQL syntax; check the manual that corresponds to your MySQL server version for the right syntax to use near 'messages' at line 1
 [ SQL语句 ] : SHOW COLUMNS FROM user,messages
SQL: SELECT user.sname,messages.hcontent,messages.htime,user.upic FROM `user`,`messages` WHERE ( messages.mbid=24 and user.uid=messages.uid ) LIMIT 0,5   [ RunTime:0.000000s ]
INFO: [ view_parse ] --START--
NOTIC: [8] Undefined offset: 1 D:\wamp\www\mybbs\ThinkPHP\Library\Think\Template\TagLib\Cx.class.php 第 495 行.
NOTIC: [8] Undefined offset: 1 D:\wamp\www\mybbs\ThinkPHP\Library\Think\Template\TagLib\Cx.class.php 第 495 行.
NOTIC: [8] Undefined offset: 1 D:\wamp\www\mybbs\ThinkPHP\Library\Think\Template\TagLib\Cx.class.php 第 495 行.
NOTIC: [8] Undefined offset: 1 D:\wamp\www\mybbs\ThinkPHP\Library\Think\Template\TagLib\Cx.class.php 第 495 行.
NOTIC: [8] Undefined offset: 1 D:\wamp\www\mybbs\ThinkPHP\Library\Think\Template\TagLib\Cx.class.php 第 495 行.
NOTIC: [8] Undefined offset: 1 D:\wamp\www\mybbs\ThinkPHP\Library\Think\Template\TagLib\Cx.class.php 第 495 行.
INFO: [ template_filter ] --START--
INFO: Run Behavior\ContentReplaceBehavior [ RunTime:0.000000s ]
INFO: [ template_filter ] --END-- [ RunTime:0.000000s ]
INFO: Run Behavior\ParseTemplateBehavior [ RunTime:0.078125s ]
INFO: [ view_parse ] --END-- [ RunTime:0.078125s ]
INFO: [ view_filter ] --START--
INFO: Run Behavior\WriteHtmlCacheBehavior [ RunTime:0.000000s ]
INFO: [ view_filter ] --END-- [ RunTime:0.000000s ]
INFO: [ app_end ] --START--
INFO: Run Behavior\ShowPageTraceBehavior [ RunTime:0.015625s ]
INFO: [ app_end ] --END-- [ RunTime:0.015625s ]

[ 2014-03-27T14:11:47+08:00 ] 127.0.0.1 /mybbs/index.php/Home/Index/yzm.html
INFO: [ app_init ] --START--
INFO: Run Behavior\BuildLiteBehavior [ RunTime:0.000000s ]
INFO: [ app_init ] --END-- [ RunTime:0.000000s ]
INFO: [ app_begin ] --START--
INFO: Run Behavior\ReadHtmlCacheBehavior [ RunTime:0.000000s ]
INFO: [ app_begin ] --END-- [ RunTime:0.000000s ]
INFO: [ app_end ] --START--
INFO: Run Behavior\ShowPageTraceBehavior [ RunTime:0.000000s ]
INFO: [ app_end ] --END-- [ RunTime:0.000000s ]

[ 2014-03-27T14:11:48+08:00 ] 127.0.0.1 /mybbs/index.php/Home/Show/showManage/mbid/24/p/2.html
INFO: [ app_init ] --START--
INFO: Run Behavior\BuildLiteBehavior [ RunTime:0.000000s ]
INFO: [ app_init ] --END-- [ RunTime:0.000000s ]
INFO: [ app_begin ] --START--
INFO: Run Behavior\ReadHtmlCacheBehavior [ RunTime:0.000000s ]
INFO: [ app_begin ] --END-- [ RunTime:0.000000s ]
SQL: SHOW COLUMNS FROM `user_message` [ RunTime:0.000000s ]
ERR: 1146:Table 'bbs.user_message' doesn't exist
 [ SQL语句 ] : SHOW COLUMNS FROM `user_message`
SQL: SHOW COLUMNS FROM user,message [ RunTime:0.015625s ]
ERR: 1064:You have an error in your SQL syntax; check the manual that corresponds to your MySQL server version for the right syntax to use near 'message' at line 1
 [ SQL语句 ] : SHOW COLUMNS FROM user,message
SQL: SELECT user.upic,user.sname,message.mbip,message.mbdate,message.mbtitle,message.mbcontent FROM `user`,`message` WHERE ( message.mbid=24 and user.uid=message.uid )  [ RunTime:0.000000s ]
SQL: SHOW COLUMNS FROM message,user [ RunTime:0.000000s ]
ERR: 1064:You have an error in your SQL syntax; check the manual that corresponds to your MySQL server version for the right syntax to use near 'user' at line 1
 [ SQL语句 ] : SHOW COLUMNS FROM message,user
SQL: SELECT user.sname,user.upic FROM `message`,`user` WHERE ( message.mbid=24 and user.uid=message.uid )  [ RunTime:0.000000s ]
SQL: SHOW COLUMNS FROM `user_messages` [ RunTime:0.000000s ]
ERR: 1146:Table 'bbs.user_messages' doesn't exist
 [ SQL语句 ] : SHOW COLUMNS FROM `user_messages`
SQL: SHOW COLUMNS FROM user,messages [ RunTime:0.000000s ]
ERR: 1064:You have an error in your SQL syntax; check the manual that corresponds to your MySQL server version for the right syntax to use near 'messages' at line 1
 [ SQL语句 ] : SHOW COLUMNS FROM user,messages
SQL: SELECT COUNT(messages.uid) AS tp_count FROM `user`,`messages` WHERE ( messages.mbid=24 and user.uid=messages.uid ) LIMIT 1   [ RunTime:0.000000s ]
SQL: SHOW COLUMNS FROM user,messages [ RunTime:0.000000s ]
ERR: 1064:You have an error in your SQL syntax; check the manual that corresponds to your MySQL server version for the right syntax to use near 'messages' at line 1
 [ SQL语句 ] : SHOW COLUMNS FROM user,messages
SQL: SELECT user.sname,messages.hcontent,messages.htime,user.upic FROM `user`,`messages` WHERE ( messages.mbid=24 and user.uid=messages.uid ) LIMIT 5,5   [ RunTime:0.000000s ]
INFO: [ view_parse ] --START--
NOTIC: [8] Undefined offset: 1 D:\wamp\www\mybbs\ThinkPHP\Library\Think\Template\TagLib\Cx.class.php 第 495 行.
NOTIC: [8] Undefined offset: 1 D:\wamp\www\mybbs\ThinkPHP\Library\Think\Template\TagLib\Cx.class.php 第 495 行.
NOTIC: [8] Undefined offset: 1 D:\wamp\www\mybbs\ThinkPHP\Library\Think\Template\TagLib\Cx.class.php 第 495 行.
NOTIC: [8] Undefined offset: 1 D:\wamp\www\mybbs\ThinkPHP\Library\Think\Template\TagLib\Cx.class.php 第 495 行.
NOTIC: [8] Undefined offset: 1 D:\wamp\www\mybbs\ThinkPHP\Library\Think\Template\TagLib\Cx.class.php 第 495 行.
NOTIC: [8] Undefined offset: 1 D:\wamp\www\mybbs\ThinkPHP\Library\Think\Template\TagLib\Cx.class.php 第 495 行.
INFO: [ template_filter ] --START--
INFO: Run Behavior\ContentReplaceBehavior [ RunTime:0.000000s ]
INFO: [ template_filter ] --END-- [ RunTime:0.000000s ]
INFO: Run Behavior\ParseTemplateBehavior [ RunTime:0.078125s ]
INFO: [ view_parse ] --END-- [ RunTime:0.078125s ]
INFO: [ view_filter ] --START--
INFO: Run Behavior\WriteHtmlCacheBehavior [ RunTime:0.000000s ]
INFO: [ view_filter ] --END-- [ RunTime:0.000000s ]
INFO: [ app_end ] --START--
INFO: Run Behavior\ShowPageTraceBehavior [ RunTime:0.000000s ]
INFO: [ app_end ] --END-- [ RunTime:0.000000s ]

[ 2014-03-27T14:11:48+08:00 ] 127.0.0.1 /mybbs/index.php/Home/Index/yzm.html
INFO: [ app_init ] --START--
INFO: Run Behavior\BuildLiteBehavior [ RunTime:0.000000s ]
INFO: [ app_init ] --END-- [ RunTime:0.000000s ]
INFO: [ app_begin ] --START--
INFO: Run Behavior\ReadHtmlCacheBehavior [ RunTime:0.000000s ]
INFO: [ app_begin ] --END-- [ RunTime:0.000000s ]
INFO: [ app_end ] --START--
INFO: Run Behavior\ShowPageTraceBehavior [ RunTime:0.000000s ]
INFO: [ app_end ] --END-- [ RunTime:0.000000s ]

[ 2014-03-27T14:11:49+08:00 ] 127.0.0.1 /mybbs/index.php/Home/Show/showManage/mbid/24/p/1.html
INFO: [ app_init ] --START--
INFO: Run Behavior\BuildLiteBehavior [ RunTime:0.000000s ]
INFO: [ app_init ] --END-- [ RunTime:0.000000s ]
INFO: [ app_begin ] --START--
INFO: Run Behavior\ReadHtmlCacheBehavior [ RunTime:0.015625s ]
INFO: [ app_begin ] --END-- [ RunTime:0.015625s ]
SQL: SHOW COLUMNS FROM `user_message` [ RunTime:0.000000s ]
ERR: 1146:Table 'bbs.user_message' doesn't exist
 [ SQL语句 ] : SHOW COLUMNS FROM `user_message`
SQL: SHOW COLUMNS FROM user,message [ RunTime:0.000000s ]
ERR: 1064:You have an error in your SQL syntax; check the manual that corresponds to your MySQL server version for the right syntax to use near 'message' at line 1
 [ SQL语句 ] : SHOW COLUMNS FROM user,message
SQL: SELECT user.upic,user.sname,message.mbip,message.mbdate,message.mbtitle,message.mbcontent FROM `user`,`message` WHERE ( message.mbid=24 and user.uid=message.uid )  [ RunTime:0.000000s ]
SQL: SHOW COLUMNS FROM message,user [ RunTime:0.000000s ]
ERR: 1064:You have an error in your SQL syntax; check the manual that corresponds to your MySQL server version for the right syntax to use near 'user' at line 1
 [ SQL语句 ] : SHOW COLUMNS FROM message,user
SQL: SELECT user.sname,user.upic FROM `message`,`user` WHERE ( message.mbid=24 and user.uid=message.uid )  [ RunTime:0.000000s ]
SQL: SHOW COLUMNS FROM `user_messages` [ RunTime:0.000000s ]
ERR: 1146:Table 'bbs.user_messages' doesn't exist
 [ SQL语句 ] : SHOW COLUMNS FROM `user_messages`
SQL: SHOW COLUMNS FROM user,messages [ RunTime:0.000000s ]
ERR: 1064:You have an error in your SQL syntax; check the manual that corresponds to your MySQL server version for the right syntax to use near 'messages' at line 1
 [ SQL语句 ] : SHOW COLUMNS FROM user,messages
SQL: SELECT COUNT(messages.uid) AS tp_count FROM `user`,`messages` WHERE ( messages.mbid=24 and user.uid=messages.uid ) LIMIT 1   [ RunTime:0.000000s ]
SQL: SHOW COLUMNS FROM user,messages [ RunTime:0.000000s ]
ERR: 1064:You have an error in your SQL syntax; check the manual that corresponds to your MySQL server version for the right syntax to use near 'messages' at line 1
 [ SQL语句 ] : SHOW COLUMNS FROM user,messages
SQL: SELECT user.sname,messages.hcontent,messages.htime,user.upic FROM `user`,`messages` WHERE ( messages.mbid=24 and user.uid=messages.uid ) LIMIT 0,5   [ RunTime:0.000000s ]
INFO: [ view_parse ] --START--
NOTIC: [8] Undefined offset: 1 D:\wamp\www\mybbs\ThinkPHP\Library\Think\Template\TagLib\Cx.class.php 第 495 行.
NOTIC: [8] Undefined offset: 1 D:\wamp\www\mybbs\ThinkPHP\Library\Think\Template\TagLib\Cx.class.php 第 495 行.
NOTIC: [8] Undefined offset: 1 D:\wamp\www\mybbs\ThinkPHP\Library\Think\Template\TagLib\Cx.class.php 第 495 行.
NOTIC: [8] Undefined offset: 1 D:\wamp\www\mybbs\ThinkPHP\Library\Think\Template\TagLib\Cx.class.php 第 495 行.
NOTIC: [8] Undefined offset: 1 D:\wamp\www\mybbs\ThinkPHP\Library\Think\Template\TagLib\Cx.class.php 第 495 行.
NOTIC: [8] Undefined offset: 1 D:\wamp\www\mybbs\ThinkPHP\Library\Think\Template\TagLib\Cx.class.php 第 495 行.
INFO: [ template_filter ] --START--
INFO: Run Behavior\ContentReplaceBehavior [ RunTime:0.000000s ]
INFO: [ template_filter ] --END-- [ RunTime:0.000000s ]
INFO: Run Behavior\ParseTemplateBehavior [ RunTime:0.078125s ]
INFO: [ view_parse ] --END-- [ RunTime:0.078125s ]
INFO: [ view_filter ] --START--
INFO: Run Behavior\WriteHtmlCacheBehavior [ RunTime:0.015625s ]
INFO: [ view_filter ] --END-- [ RunTime:0.015625s ]
INFO: [ app_end ] --START--
INFO: Run Behavior\ShowPageTraceBehavior [ RunTime:0.000000s ]
INFO: [ app_end ] --END-- [ RunTime:0.000000s ]

[ 2014-03-27T14:11:49+08:00 ] 127.0.0.1 /mybbs/index.php/Home/Index/yzm.html
INFO: [ app_init ] --START--
INFO: Run Behavior\BuildLiteBehavior [ RunTime:0.000000s ]
INFO: [ app_init ] --END-- [ RunTime:0.000000s ]
INFO: [ app_begin ] --START--
INFO: Run Behavior\ReadHtmlCacheBehavior [ RunTime:0.015625s ]
INFO: [ app_begin ] --END-- [ RunTime:0.015625s ]
INFO: [ app_end ] --START--
INFO: Run Behavior\ShowPageTraceBehavior [ RunTime:0.000000s ]
INFO: [ app_end ] --END-- [ RunTime:0.000000s ]

[ 2014-03-27T14:11:50+08:00 ] 127.0.0.1 /mybbs/index.php/Home/Show/showManage/mbid/24/p/2.html
INFO: [ app_init ] --START--
INFO: Run Behavior\BuildLiteBehavior [ RunTime:0.000000s ]
INFO: [ app_init ] --END-- [ RunTime:0.000000s ]
INFO: [ app_begin ] --START--
INFO: Run Behavior\ReadHtmlCacheBehavior [ RunTime:0.000000s ]
INFO: [ app_begin ] --END-- [ RunTime:0.000000s ]
SQL: SHOW COLUMNS FROM `user_message` [ RunTime:0.000000s ]
ERR: 1146:Table 'bbs.user_message' doesn't exist
 [ SQL语句 ] : SHOW COLUMNS FROM `user_message`
SQL: SHOW COLUMNS FROM user,message [ RunTime:0.000000s ]
ERR: 1064:You have an error in your SQL syntax; check the manual that corresponds to your MySQL server version for the right syntax to use near 'message' at line 1
 [ SQL语句 ] : SHOW COLUMNS FROM user,message
SQL: SELECT user.upic,user.sname,message.mbip,message.mbdate,message.mbtitle,message.mbcontent FROM `user`,`message` WHERE ( message.mbid=24 and user.uid=message.uid )  [ RunTime:0.000000s ]
SQL: SHOW COLUMNS FROM message,user [ RunTime:0.000000s ]
ERR: 1064:You have an error in your SQL syntax; check the manual that corresponds to your MySQL server version for the right syntax to use near 'user' at line 1
 [ SQL语句 ] : SHOW COLUMNS FROM message,user
SQL: SELECT user.sname,user.upic FROM `message`,`user` WHERE ( message.mbid=24 and user.uid=message.uid )  [ RunTime:0.000000s ]
SQL: SHOW COLUMNS FROM `user_messages` [ RunTime:0.000000s ]
ERR: 1146:Table 'bbs.user_messages' doesn't exist
 [ SQL语句 ] : SHOW COLUMNS FROM `user_messages`
SQL: SHOW COLUMNS FROM user,messages [ RunTime:0.000000s ]
ERR: 1064:You have an error in your SQL syntax; check the manual that corresponds to your MySQL server version for the right syntax to use near 'messages' at line 1
 [ SQL语句 ] : SHOW COLUMNS FROM user,messages
SQL: SELECT COUNT(messages.uid) AS tp_count FROM `user`,`messages` WHERE ( messages.mbid=24 and user.uid=messages.uid ) LIMIT 1   [ RunTime:0.000000s ]
SQL: SHOW COLUMNS FROM user,messages [ RunTime:0.000000s ]
ERR: 1064:You have an error in your SQL syntax; check the manual that corresponds to your MySQL server version for the right syntax to use near 'messages' at line 1
 [ SQL语句 ] : SHOW COLUMNS FROM user,messages
SQL: SELECT user.sname,messages.hcontent,messages.htime,user.upic FROM `user`,`messages` WHERE ( messages.mbid=24 and user.uid=messages.uid ) LIMIT 5,5   [ RunTime:0.000000s ]
INFO: [ view_parse ] --START--
NOTIC: [8] Undefined offset: 1 D:\wamp\www\mybbs\ThinkPHP\Library\Think\Template\TagLib\Cx.class.php 第 495 行.
NOTIC: [8] Undefined offset: 1 D:\wamp\www\mybbs\ThinkPHP\Library\Think\Template\TagLib\Cx.class.php 第 495 行.
NOTIC: [8] Undefined offset: 1 D:\wamp\www\mybbs\ThinkPHP\Library\Think\Template\TagLib\Cx.class.php 第 495 行.
NOTIC: [8] Undefined offset: 1 D:\wamp\www\mybbs\ThinkPHP\Library\Think\Template\TagLib\Cx.class.php 第 495 行.
NOTIC: [8] Undefined offset: 1 D:\wamp\www\mybbs\ThinkPHP\Library\Think\Template\TagLib\Cx.class.php 第 495 行.
NOTIC: [8] Undefined offset: 1 D:\wamp\www\mybbs\ThinkPHP\Library\Think\Template\TagLib\Cx.class.php 第 495 行.
INFO: [ template_filter ] --START--
INFO: Run Behavior\ContentReplaceBehavior [ RunTime:0.000000s ]
INFO: [ template_filter ] --END-- [ RunTime:0.000000s ]
INFO: Run Behavior\ParseTemplateBehavior [ RunTime:0.093750s ]
INFO: [ view_parse ] --END-- [ RunTime:0.093750s ]
INFO: [ view_filter ] --START--
INFO: Run Behavior\WriteHtmlCacheBehavior [ RunTime:0.000000s ]
INFO: [ view_filter ] --END-- [ RunTime:0.015625s ]
INFO: [ app_end ] --START--
INFO: Run Behavior\ShowPageTraceBehavior [ RunTime:0.000000s ]
INFO: [ app_end ] --END-- [ RunTime:0.000000s ]

[ 2014-03-27T14:11:50+08:00 ] 127.0.0.1 /mybbs/index.php/Home/Index/yzm.html
INFO: [ app_init ] --START--
INFO: Run Behavior\BuildLiteBehavior [ RunTime:0.000000s ]
INFO: [ app_init ] --END-- [ RunTime:0.000000s ]
INFO: [ app_begin ] --START--
INFO: Run Behavior\ReadHtmlCacheBehavior [ RunTime:0.000000s ]
INFO: [ app_begin ] --END-- [ RunTime:0.000000s ]
INFO: [ app_end ] --START--
INFO: Run Behavior\ShowPageTraceBehavior [ RunTime:0.000000s ]
INFO: [ app_end ] --END-- [ RunTime:0.000000s ]

[ 2014-03-27T14:11:50+08:00 ] 127.0.0.1 /mybbs/index.php/Home/Show/showManage/mbid/24/p/1.html
INFO: [ app_init ] --START--
INFO: Run Behavior\BuildLiteBehavior [ RunTime:0.000000s ]
INFO: [ app_init ] --END-- [ RunTime:0.000000s ]
INFO: [ app_begin ] --START--
INFO: Run Behavior\ReadHtmlCacheBehavior [ RunTime:0.000000s ]
INFO: [ app_begin ] --END-- [ RunTime:0.000000s ]
SQL: SHOW COLUMNS FROM `user_message` [ RunTime:0.000000s ]
ERR: 1146:Table 'bbs.user_message' doesn't exist
 [ SQL语句 ] : SHOW COLUMNS FROM `user_message`
SQL: SHOW COLUMNS FROM user,message [ RunTime:0.000000s ]
ERR: 1064:You have an error in your SQL syntax; check the manual that corresponds to your MySQL server version for the right syntax to use near 'message' at line 1
 [ SQL语句 ] : SHOW COLUMNS FROM user,message
SQL: SELECT user.upic,user.sname,message.mbip,message.mbdate,message.mbtitle,message.mbcontent FROM `user`,`message` WHERE ( message.mbid=24 and user.uid=message.uid )  [ RunTime:0.000000s ]
SQL: SHOW COLUMNS FROM message,user [ RunTime:0.000000s ]
ERR: 1064:You have an error in your SQL syntax; check the manual that corresponds to your MySQL server version for the right syntax to use near 'user' at line 1
 [ SQL语句 ] : SHOW COLUMNS FROM message,user
SQL: SELECT user.sname,user.upic FROM `message`,`user` WHERE ( message.mbid=24 and user.uid=message.uid )  [ RunTime:0.000000s ]
SQL: SHOW COLUMNS FROM `user_messages` [ RunTime:0.015625s ]
ERR: 1146:Table 'bbs.user_messages' doesn't exist
 [ SQL语句 ] : SHOW COLUMNS FROM `user_messages`
SQL: SHOW COLUMNS FROM user,messages [ RunTime:0.000000s ]
ERR: 1064:You have an error in your SQL syntax; check the manual that corresponds to your MySQL server version for the right syntax to use near 'messages' at line 1
 [ SQL语句 ] : SHOW COLUMNS FROM user,messages
SQL: SELECT COUNT(messages.uid) AS tp_count FROM `user`,`messages` WHERE ( messages.mbid=24 and user.uid=messages.uid ) LIMIT 1   [ RunTime:0.000000s ]
SQL: SHOW COLUMNS FROM user,messages [ RunTime:0.000000s ]
ERR: 1064:You have an error in your SQL syntax; check the manual that corresponds to your MySQL server version for the right syntax to use near 'messages' at line 1
 [ SQL语句 ] : SHOW COLUMNS FROM user,messages
SQL: SELECT user.sname,messages.hcontent,messages.htime,user.upic FROM `user`,`messages` WHERE ( messages.mbid=24 and user.uid=messages.uid ) LIMIT 0,5   [ RunTime:0.000000s ]
INFO: [ view_parse ] --START--
NOTIC: [8] Undefined offset: 1 D:\wamp\www\mybbs\ThinkPHP\Library\Think\Template\TagLib\Cx.class.php 第 495 行.
NOTIC: [8] Undefined offset: 1 D:\wamp\www\mybbs\ThinkPHP\Library\Think\Template\TagLib\Cx.class.php 第 495 行.
NOTIC: [8] Undefined offset: 1 D:\wamp\www\mybbs\ThinkPHP\Library\Think\Template\TagLib\Cx.class.php 第 495 行.
NOTIC: [8] Undefined offset: 1 D:\wamp\www\mybbs\ThinkPHP\Library\Think\Template\TagLib\Cx.class.php 第 495 行.
NOTIC: [8] Undefined offset: 1 D:\wamp\www\mybbs\ThinkPHP\Library\Think\Template\TagLib\Cx.class.php 第 495 行.
NOTIC: [8] Undefined offset: 1 D:\wamp\www\mybbs\ThinkPHP\Library\Think\Template\TagLib\Cx.class.php 第 495 行.
INFO: [ template_filter ] --START--
INFO: Run Behavior\ContentReplaceBehavior [ RunTime:0.000000s ]
INFO: [ template_filter ] --END-- [ RunTime:0.015625s ]
INFO: Run Behavior\ParseTemplateBehavior [ RunTime:0.109375s ]
INFO: [ view_parse ] --END-- [ RunTime:0.109375s ]
INFO: [ view_filter ] --START--
INFO: Run Behavior\WriteHtmlCacheBehavior [ RunTime:0.000000s ]
INFO: [ view_filter ] --END-- [ RunTime:0.000000s ]
INFO: [ app_end ] --START--
INFO: Run Behavior\ShowPageTraceBehavior [ RunTime:0.000000s ]
INFO: [ app_end ] --END-- [ RunTime:0.000000s ]

[ 2014-03-27T14:11:51+08:00 ] 127.0.0.1 /mybbs/index.php/Home/Index/yzm.html
INFO: [ app_init ] --START--
INFO: Run Behavior\BuildLiteBehavior [ RunTime:0.000000s ]
INFO: [ app_init ] --END-- [ RunTime:0.000000s ]
INFO: [ app_begin ] --START--
INFO: Run Behavior\ReadHtmlCacheBehavior [ RunTime:0.000000s ]
INFO: [ app_begin ] --END-- [ RunTime:0.000000s ]
INFO: [ app_end ] --START--
INFO: Run Behavior\ShowPageTraceBehavior [ RunTime:0.000000s ]
INFO: [ app_end ] --END-- [ RunTime:0.000000s ]

[ 2014-03-27T14:12:23+08:00 ] 127.0.0.1 /mybbs/index.php/Home/Show/showManage/mbid/24/p/2.html
INFO: [ app_init ] --START--
INFO: Run Behavior\BuildLiteBehavior [ RunTime:0.000000s ]
INFO: [ app_init ] --END-- [ RunTime:0.000000s ]
INFO: [ app_begin ] --START--
INFO: Run Behavior\ReadHtmlCacheBehavior [ RunTime:0.000000s ]
INFO: [ app_begin ] --END-- [ RunTime:0.000000s ]
SQL: SHOW COLUMNS FROM `user_message` [ RunTime:0.000000s ]
ERR: 1146:Table 'bbs.user_message' doesn't exist
 [ SQL语句 ] : SHOW COLUMNS FROM `user_message`
SQL: SHOW COLUMNS FROM user,message [ RunTime:0.000000s ]
ERR: 1064:You have an error in your SQL syntax; check the manual that corresponds to your MySQL server version for the right syntax to use near 'message' at line 1
 [ SQL语句 ] : SHOW COLUMNS FROM user,message
SQL: SELECT user.upic,user.sname,message.mbip,message.mbdate,message.mbtitle,message.mbcontent FROM `user`,`message` WHERE ( message.mbid=24 and user.uid=message.uid )  [ RunTime:0.000000s ]
SQL: SHOW COLUMNS FROM message,user [ RunTime:0.000000s ]
ERR: 1064:You have an error in your SQL syntax; check the manual that corresponds to your MySQL server version for the right syntax to use near 'user' at line 1
 [ SQL语句 ] : SHOW COLUMNS FROM message,user
SQL: SELECT user.sname,user.upic FROM `message`,`user` WHERE ( message.mbid=24 and user.uid=message.uid )  [ RunTime:0.000000s ]
SQL: SHOW COLUMNS FROM `user_messages` [ RunTime:0.015625s ]
ERR: 1146:Table 'bbs.user_messages' doesn't exist
 [ SQL语句 ] : SHOW COLUMNS FROM `user_messages`
SQL: SHOW COLUMNS FROM user,messages [ RunTime:0.000000s ]
ERR: 1064:You have an error in your SQL syntax; check the manual that corresponds to your MySQL server version for the right syntax to use near 'messages' at line 1
 [ SQL语句 ] : SHOW COLUMNS FROM user,messages
SQL: SELECT COUNT(messages.uid) AS tp_count FROM `user`,`messages` WHERE ( messages.mbid=24 and user.uid=messages.uid ) LIMIT 1   [ RunTime:0.000000s ]
SQL: SHOW COLUMNS FROM user,messages [ RunTime:0.000000s ]
ERR: 1064:You have an error in your SQL syntax; check the manual that corresponds to your MySQL server version for the right syntax to use near 'messages' at line 1
 [ SQL语句 ] : SHOW COLUMNS FROM user,messages
SQL: SELECT user.sname,messages.hcontent,messages.htime,user.upic FROM `user`,`messages` WHERE ( messages.mbid=24 and user.uid=messages.uid ) LIMIT 5,5   [ RunTime:0.000000s ]
INFO: [ view_parse ] --START--
NOTIC: [8] Undefined offset: 1 D:\wamp\www\mybbs\ThinkPHP\Library\Think\Template\TagLib\Cx.class.php 第 495 行.
NOTIC: [8] Undefined offset: 1 D:\wamp\www\mybbs\ThinkPHP\Library\Think\Template\TagLib\Cx.class.php 第 495 行.
NOTIC: [8] Undefined offset: 1 D:\wamp\www\mybbs\ThinkPHP\Library\Think\Template\TagLib\Cx.class.php 第 495 行.
NOTIC: [8] Undefined offset: 1 D:\wamp\www\mybbs\ThinkPHP\Library\Think\Template\TagLib\Cx.class.php 第 495 行.
NOTIC: [8] Undefined offset: 1 D:\wamp\www\mybbs\ThinkPHP\Library\Think\Template\TagLib\Cx.class.php 第 495 行.
NOTIC: [8] Undefined offset: 1 D:\wamp\www\mybbs\ThinkPHP\Library\Think\Template\TagLib\Cx.class.php 第 495 行.
INFO: [ template_filter ] --START--
INFO: Run Behavior\ContentReplaceBehavior [ RunTime:0.000000s ]
INFO: [ template_filter ] --END-- [ RunTime:0.000000s ]
INFO: Run Behavior\ParseTemplateBehavior [ RunTime:0.078125s ]
INFO: [ view_parse ] --END-- [ RunTime:0.078125s ]
INFO: [ view_filter ] --START--
INFO: Run Behavior\WriteHtmlCacheBehavior [ RunTime:0.000000s ]
INFO: [ view_filter ] --END-- [ RunTime:0.000000s ]
INFO: [ app_end ] --START--
INFO: Run Behavior\ShowPageTraceBehavior [ RunTime:0.015625s ]
INFO: [ app_end ] --END-- [ RunTime:0.015625s ]

[ 2014-03-27T14:12:23+08:00 ] 127.0.0.1 /mybbs/index.php/Home/Index/yzm.html
INFO: [ app_init ] --START--
INFO: Run Behavior\BuildLiteBehavior [ RunTime:0.000000s ]
INFO: [ app_init ] --END-- [ RunTime:0.000000s ]
INFO: [ app_begin ] --START--
INFO: Run Behavior\ReadHtmlCacheBehavior [ RunTime:0.000000s ]
INFO: [ app_begin ] --END-- [ RunTime:0.000000s ]
INFO: [ app_end ] --START--
INFO: Run Behavior\ShowPageTraceBehavior [ RunTime:0.000000s ]
INFO: [ app_end ] --END-- [ RunTime:0.000000s ]

[ 2014-03-27T14:12:25+08:00 ] 127.0.0.1 /mybbs/index.php/Home/Show/showManage/mbid/24/p/1.html
INFO: [ app_init ] --START--
INFO: Run Behavior\BuildLiteBehavior [ RunTime:0.000000s ]
INFO: [ app_init ] --END-- [ RunTime:0.000000s ]
INFO: [ app_begin ] --START--
INFO: Run Behavior\ReadHtmlCacheBehavior [ RunTime:0.000000s ]
INFO: [ app_begin ] --END-- [ RunTime:0.000000s ]
SQL: SHOW COLUMNS FROM `user_message` [ RunTime:0.000000s ]
ERR: 1146:Table 'bbs.user_message' doesn't exist
 [ SQL语句 ] : SHOW COLUMNS FROM `user_message`
SQL: SHOW COLUMNS FROM user,message [ RunTime:0.000000s ]
ERR: 1064:You have an error in your SQL syntax; check the manual that corresponds to your MySQL server version for the right syntax to use near 'message' at line 1
 [ SQL语句 ] : SHOW COLUMNS FROM user,message
SQL: SELECT user.upic,user.sname,message.mbip,message.mbdate,message.mbtitle,message.mbcontent FROM `user`,`message` WHERE ( message.mbid=24 and user.uid=message.uid )  [ RunTime:0.000000s ]
SQL: SHOW COLUMNS FROM message,user [ RunTime:0.000000s ]
ERR: 1064:You have an error in your SQL syntax; check the manual that corresponds to your MySQL server version for the right syntax to use near 'user' at line 1
 [ SQL语句 ] : SHOW COLUMNS FROM message,user
SQL: SELECT user.sname,user.upic FROM `message`,`user` WHERE ( message.mbid=24 and user.uid=message.uid )  [ RunTime:0.000000s ]
SQL: SHOW COLUMNS FROM `user_messages` [ RunTime:0.000000s ]
ERR: 1146:Table 'bbs.user_messages' doesn't exist
 [ SQL语句 ] : SHOW COLUMNS FROM `user_messages`
SQL: SHOW COLUMNS FROM user,messages [ RunTime:0.000000s ]
ERR: 1064:You have an error in your SQL syntax; check the manual that corresponds to your MySQL server version for the right syntax to use near 'messages' at line 1
 [ SQL语句 ] : SHOW COLUMNS FROM user,messages
SQL: SELECT COUNT(messages.uid) AS tp_count FROM `user`,`messages` WHERE ( messages.mbid=24 and user.uid=messages.uid ) LIMIT 1   [ RunTime:0.000000s ]
SQL: SHOW COLUMNS FROM user,messages [ RunTime:0.000000s ]
ERR: 1064:You have an error in your SQL syntax; check the manual that corresponds to your MySQL server version for the right syntax to use near 'messages' at line 1
 [ SQL语句 ] : SHOW COLUMNS FROM user,messages
SQL: SELECT user.sname,messages.hcontent,messages.htime,user.upic FROM `user`,`messages` WHERE ( messages.mbid=24 and user.uid=messages.uid ) LIMIT 0,5   [ RunTime:0.000000s ]
INFO: [ view_parse ] --START--
NOTIC: [8] Undefined offset: 1 D:\wamp\www\mybbs\ThinkPHP\Library\Think\Template\TagLib\Cx.class.php 第 495 行.
NOTIC: [8] Undefined offset: 1 D:\wamp\www\mybbs\ThinkPHP\Library\Think\Template\TagLib\Cx.class.php 第 495 行.
NOTIC: [8] Undefined offset: 1 D:\wamp\www\mybbs\ThinkPHP\Library\Think\Template\TagLib\Cx.class.php 第 495 行.
NOTIC: [8] Undefined offset: 1 D:\wamp\www\mybbs\ThinkPHP\Library\Think\Template\TagLib\Cx.class.php 第 495 行.
NOTIC: [8] Undefined offset: 1 D:\wamp\www\mybbs\ThinkPHP\Library\Think\Template\TagLib\Cx.class.php 第 495 行.
NOTIC: [8] Undefined offset: 1 D:\wamp\www\mybbs\ThinkPHP\Library\Think\Template\TagLib\Cx.class.php 第 495 行.
INFO: [ template_filter ] --START--
INFO: Run Behavior\ContentReplaceBehavior [ RunTime:0.000000s ]
INFO: [ template_filter ] --END-- [ RunTime:0.000000s ]
INFO: Run Behavior\ParseTemplateBehavior [ RunTime:0.062500s ]
INFO: [ view_parse ] --END-- [ RunTime:0.062500s ]
INFO: [ view_filter ] --START--
INFO: Run Behavior\WriteHtmlCacheBehavior [ RunTime:0.000000s ]
INFO: [ view_filter ] --END-- [ RunTime:0.000000s ]
INFO: [ app_end ] --START--
INFO: Run Behavior\ShowPageTraceBehavior [ RunTime:0.000000s ]
INFO: [ app_end ] --END-- [ RunTime:0.000000s ]

[ 2014-03-27T14:12:25+08:00 ] 127.0.0.1 /mybbs/index.php/Home/Index/yzm.html
INFO: [ app_init ] --START--
INFO: Run Behavior\BuildLiteBehavior [ RunTime:0.000000s ]
INFO: [ app_init ] --END-- [ RunTime:0.000000s ]
INFO: [ app_begin ] --START--
INFO: Run Behavior\ReadHtmlCacheBehavior [ RunTime:0.000000s ]
INFO: [ app_begin ] --END-- [ RunTime:0.000000s ]
INFO: [ app_end ] --START--
INFO: Run Behavior\ShowPageTraceBehavior [ RunTime:0.000000s ]
INFO: [ app_end ] --END-- [ RunTime:0.000000s ]

[ 2014-03-27T14:12:31+08:00 ] 127.0.0.1 /mybbs/index.php/Home/Show/showManage/mbid/24/p/2.html
INFO: [ app_init ] --START--
INFO: Run Behavior\BuildLiteBehavior [ RunTime:0.000000s ]
INFO: [ app_init ] --END-- [ RunTime:0.000000s ]
INFO: [ app_begin ] --START--
INFO: Run Behavior\ReadHtmlCacheBehavior [ RunTime:0.000000s ]
INFO: [ app_begin ] --END-- [ RunTime:0.000000s ]
SQL: SHOW COLUMNS FROM `user_message` [ RunTime:0.000000s ]
ERR: 1146:Table 'bbs.user_message' doesn't exist
 [ SQL语句 ] : SHOW COLUMNS FROM `user_message`
SQL: SHOW COLUMNS FROM user,message [ RunTime:0.000000s ]
ERR: 1064:You have an error in your SQL syntax; check the manual that corresponds to your MySQL server version for the right syntax to use near 'message' at line 1
 [ SQL语句 ] : SHOW COLUMNS FROM user,message
SQL: SELECT user.upic,user.sname,message.mbip,message.mbdate,message.mbtitle,message.mbcontent FROM `user`,`message` WHERE ( message.mbid=24 and user.uid=message.uid )  [ RunTime:0.000000s ]
SQL: SHOW COLUMNS FROM message,user [ RunTime:0.000000s ]
ERR: 1064:You have an error in your SQL syntax; check the manual that corresponds to your MySQL server version for the right syntax to use near 'user' at line 1
 [ SQL语句 ] : SHOW COLUMNS FROM message,user
SQL: SELECT user.sname,user.upic FROM `message`,`user` WHERE ( message.mbid=24 and user.uid=message.uid )  [ RunTime:0.000000s ]
SQL: SHOW COLUMNS FROM `user_messages` [ RunTime:0.000000s ]
ERR: 1146:Table 'bbs.user_messages' doesn't exist
 [ SQL语句 ] : SHOW COLUMNS FROM `user_messages`
SQL: SHOW COLUMNS FROM user,messages [ RunTime:0.000000s ]
ERR: 1064:You have an error in your SQL syntax; check the manual that corresponds to your MySQL server version for the right syntax to use near 'messages' at line 1
 [ SQL语句 ] : SHOW COLUMNS FROM user,messages
SQL: SELECT COUNT(messages.uid) AS tp_count FROM `user`,`messages` WHERE ( messages.mbid=24 and user.uid=messages.uid ) LIMIT 1   [ RunTime:0.000000s ]
SQL: SHOW COLUMNS FROM user,messages [ RunTime:0.000000s ]
ERR: 1064:You have an error in your SQL syntax; check the manual that corresponds to your MySQL server version for the right syntax to use near 'messages' at line 1
 [ SQL语句 ] : SHOW COLUMNS FROM user,messages
SQL: SELECT user.sname,messages.hcontent,messages.htime,user.upic FROM `user`,`messages` WHERE ( messages.mbid=24 and user.uid=messages.uid ) LIMIT 5,5   [ RunTime:0.000000s ]
INFO: [ view_parse ] --START--
NOTIC: [8] Undefined offset: 1 D:\wamp\www\mybbs\ThinkPHP\Library\Think\Template\TagLib\Cx.class.php 第 495 行.
NOTIC: [8] Undefined offset: 1 D:\wamp\www\mybbs\ThinkPHP\Library\Think\Template\TagLib\Cx.class.php 第 495 行.
NOTIC: [8] Undefined offset: 1 D:\wamp\www\mybbs\ThinkPHP\Library\Think\Template\TagLib\Cx.class.php 第 495 行.
NOTIC: [8] Undefined offset: 1 D:\wamp\www\mybbs\ThinkPHP\Library\Think\Template\TagLib\Cx.class.php 第 495 行.
NOTIC: [8] Undefined offset: 1 D:\wamp\www\mybbs\ThinkPHP\Library\Think\Template\TagLib\Cx.class.php 第 495 行.
NOTIC: [8] Undefined offset: 1 D:\wamp\www\mybbs\ThinkPHP\Library\Think\Template\TagLib\Cx.class.php 第 495 行.
INFO: [ template_filter ] --START--
INFO: Run Behavior\ContentReplaceBehavior [ RunTime:0.000000s ]
INFO: [ template_filter ] --END-- [ RunTime:0.000000s ]
INFO: Run Behavior\ParseTemplateBehavior [ RunTime:0.078125s ]
INFO: [ view_parse ] --END-- [ RunTime:0.078125s ]
INFO: [ view_filter ] --START--
INFO: Run Behavior\WriteHtmlCacheBehavior [ RunTime:0.000000s ]
INFO: [ view_filter ] --END-- [ RunTime:0.000000s ]
INFO: [ app_end ] --START--
INFO: Run Behavior\ShowPageTraceBehavior [ RunTime:0.015625s ]
INFO: [ app_end ] --END-- [ RunTime:0.015625s ]

[ 2014-03-27T14:12:31+08:00 ] 127.0.0.1 /mybbs/index.php/Home/Index/yzm.html
INFO: [ app_init ] --START--
INFO: Run Behavior\BuildLiteBehavior [ RunTime:0.000000s ]
INFO: [ app_init ] --END-- [ RunTime:0.000000s ]
INFO: [ app_begin ] --START--
INFO: Run Behavior\ReadHtmlCacheBehavior [ RunTime:0.000000s ]
INFO: [ app_begin ] --END-- [ RunTime:0.000000s ]
INFO: [ app_end ] --START--
INFO: Run Behavior\ShowPageTraceBehavior [ RunTime:0.000000s ]
INFO: [ app_end ] --END-- [ RunTime:0.000000s ]

[ 2014-03-27T14:12:32+08:00 ] 127.0.0.1 /mybbs/index.php/Home/Show/showManage/mbid/24/p/1.html
INFO: [ app_init ] --START--
INFO: Run Behavior\BuildLiteBehavior [ RunTime:0.000000s ]
INFO: [ app_init ] --END-- [ RunTime:0.000000s ]
INFO: [ app_begin ] --START--
INFO: Run Behavior\ReadHtmlCacheBehavior [ RunTime:0.000000s ]
INFO: [ app_begin ] --END-- [ RunTime:0.000000s ]
SQL: SHOW COLUMNS FROM `user_message` [ RunTime:0.000000s ]
ERR: 1146:Table 'bbs.user_message' doesn't exist
 [ SQL语句 ] : SHOW COLUMNS FROM `user_message`
SQL: SHOW COLUMNS FROM user,message [ RunTime:0.000000s ]
ERR: 1064:You have an error in your SQL syntax; check the manual that corresponds to your MySQL server version for the right syntax to use near 'message' at line 1
 [ SQL语句 ] : SHOW COLUMNS FROM user,message
SQL: SELECT user.upic,user.sname,message.mbip,message.mbdate,message.mbtitle,message.mbcontent FROM `user`,`message` WHERE ( message.mbid=24 and user.uid=message.uid )  [ RunTime:0.000000s ]
SQL: SHOW COLUMNS FROM message,user [ RunTime:0.000000s ]
ERR: 1064:You have an error in your SQL syntax; check the manual that corresponds to your MySQL server version for the right syntax to use near 'user' at line 1
 [ SQL语句 ] : SHOW COLUMNS FROM message,user
SQL: SELECT user.sname,user.upic FROM `message`,`user` WHERE ( message.mbid=24 and user.uid=message.uid )  [ RunTime:0.000000s ]
SQL: SHOW COLUMNS FROM `user_messages` [ RunTime:0.000000s ]
ERR: 1146:Table 'bbs.user_messages' doesn't exist
 [ SQL语句 ] : SHOW COLUMNS FROM `user_messages`
SQL: SHOW COLUMNS FROM user,messages [ RunTime:0.000000s ]
ERR: 1064:You have an error in your SQL syntax; check the manual that corresponds to your MySQL server version for the right syntax to use near 'messages' at line 1
 [ SQL语句 ] : SHOW COLUMNS FROM user,messages
SQL: SELECT COUNT(messages.uid) AS tp_count FROM `user`,`messages` WHERE ( messages.mbid=24 and user.uid=messages.uid ) LIMIT 1   [ RunTime:0.000000s ]
SQL: SHOW COLUMNS FROM user,messages [ RunTime:0.000000s ]
ERR: 1064:You have an error in your SQL syntax; check the manual that corresponds to your MySQL server version for the right syntax to use near 'messages' at line 1
 [ SQL语句 ] : SHOW COLUMNS FROM user,messages
SQL: SELECT user.sname,messages.hcontent,messages.htime,user.upic FROM `user`,`messages` WHERE ( messages.mbid=24 and user.uid=messages.uid ) LIMIT 0,5   [ RunTime:0.000000s ]
INFO: [ view_parse ] --START--
NOTIC: [8] Undefined offset: 1 D:\wamp\www\mybbs\ThinkPHP\Library\Think\Template\TagLib\Cx.class.php 第 495 行.
NOTIC: [8] Undefined offset: 1 D:\wamp\www\mybbs\ThinkPHP\Library\Think\Template\TagLib\Cx.class.php 第 495 行.
NOTIC: [8] Undefined offset: 1 D:\wamp\www\mybbs\ThinkPHP\Library\Think\Template\TagLib\Cx.class.php 第 495 行.
NOTIC: [8] Undefined offset: 1 D:\wamp\www\mybbs\ThinkPHP\Library\Think\Template\TagLib\Cx.class.php 第 495 行.
NOTIC: [8] Undefined offset: 1 D:\wamp\www\mybbs\ThinkPHP\Library\Think\Template\TagLib\Cx.class.php 第 495 行.
NOTIC: [8] Undefined offset: 1 D:\wamp\www\mybbs\ThinkPHP\Library\Think\Template\TagLib\Cx.class.php 第 495 行.
INFO: [ template_filter ] --START--
INFO: Run Behavior\ContentReplaceBehavior [ RunTime:0.000000s ]
INFO: [ template_filter ] --END-- [ RunTime:0.000000s ]
INFO: Run Behavior\ParseTemplateBehavior [ RunTime:0.078125s ]
INFO: [ view_parse ] --END-- [ RunTime:0.078125s ]
INFO: [ view_filter ] --START--
INFO: Run Behavior\WriteHtmlCacheBehavior [ RunTime:0.000000s ]
INFO: [ view_filter ] --END-- [ RunTime:0.000000s ]
INFO: [ app_end ] --START--
INFO: Run Behavior\ShowPageTraceBehavior [ RunTime:0.000000s ]
INFO: [ app_end ] --END-- [ RunTime:0.000000s ]

[ 2014-03-27T14:12:32+08:00 ] 127.0.0.1 /mybbs/index.php/Home/Index/yzm.html
INFO: [ app_init ] --START--
INFO: Run Behavior\BuildLiteBehavior [ RunTime:0.000000s ]
INFO: [ app_init ] --END-- [ RunTime:0.000000s ]
INFO: [ app_begin ] --START--
INFO: Run Behavior\ReadHtmlCacheBehavior [ RunTime:0.000000s ]
INFO: [ app_begin ] --END-- [ RunTime:0.000000s ]
INFO: [ app_end ] --START--
INFO: Run Behavior\ShowPageTraceBehavior [ RunTime:0.000000s ]
INFO: [ app_end ] --END-- [ RunTime:0.000000s ]

[ 2014-03-27T14:12:34+08:00 ] 127.0.0.1 /mybbs/index.php/Home/Show/showManage/mbid/24/p/2.html
INFO: [ app_init ] --START--
INFO: Run Behavior\BuildLiteBehavior [ RunTime:0.000000s ]
INFO: [ app_init ] --END-- [ RunTime:0.000000s ]
INFO: [ app_begin ] --START--
INFO: Run Behavior\ReadHtmlCacheBehavior [ RunTime:0.000000s ]
INFO: [ app_begin ] --END-- [ RunTime:0.000000s ]
SQL: SHOW COLUMNS FROM `user_message` [ RunTime:0.000000s ]
ERR: 1146:Table 'bbs.user_message' doesn't exist
 [ SQL语句 ] : SHOW COLUMNS FROM `user_message`
SQL: SHOW COLUMNS FROM user,message [ RunTime:0.015625s ]
ERR: 1064:You have an error in your SQL syntax; check the manual that corresponds to your MySQL server version for the right syntax to use near 'message' at line 1
 [ SQL语句 ] : SHOW COLUMNS FROM user,message
SQL: SELECT user.upic,user.sname,message.mbip,message.mbdate,message.mbtitle,message.mbcontent FROM `user`,`message` WHERE ( message.mbid=24 and user.uid=message.uid )  [ RunTime:0.000000s ]
SQL: SHOW COLUMNS FROM message,user [ RunTime:0.000000s ]
ERR: 1064:You have an error in your SQL syntax; check the manual that corresponds to your MySQL server version for the right syntax to use near 'user' at line 1
 [ SQL语句 ] : SHOW COLUMNS FROM message,user
SQL: SELECT user.sname,user.upic FROM `message`,`user` WHERE ( message.mbid=24 and user.uid=message.uid )  [ RunTime:0.000000s ]
SQL: SHOW COLUMNS FROM `user_messages` [ RunTime:0.000000s ]
ERR: 1146:Table 'bbs.user_messages' doesn't exist
 [ SQL语句 ] : SHOW COLUMNS FROM `user_messages`
SQL: SHOW COLUMNS FROM user,messages [ RunTime:0.000000s ]
ERR: 1064:You have an error in your SQL syntax; check the manual that corresponds to your MySQL server version for the right syntax to use near 'messages' at line 1
 [ SQL语句 ] : SHOW COLUMNS FROM user,messages
SQL: SELECT COUNT(messages.uid) AS tp_count FROM `user`,`messages` WHERE ( messages.mbid=24 and user.uid=messages.uid ) LIMIT 1   [ RunTime:0.000000s ]
SQL: SHOW COLUMNS FROM user,messages [ RunTime:0.000000s ]
ERR: 1064:You have an error in your SQL syntax; check the manual that corresponds to your MySQL server version for the right syntax to use near 'messages' at line 1
 [ SQL语句 ] : SHOW COLUMNS FROM user,messages
SQL: SELECT user.sname,messages.hcontent,messages.htime,user.upic FROM `user`,`messages` WHERE ( messages.mbid=24 and user.uid=messages.uid ) LIMIT 5,5   [ RunTime:0.000000s ]
INFO: [ view_parse ] --START--
NOTIC: [8] Undefined offset: 1 D:\wamp\www\mybbs\ThinkPHP\Library\Think\Template\TagLib\Cx.class.php 第 495 行.
NOTIC: [8] Undefined offset: 1 D:\wamp\www\mybbs\ThinkPHP\Library\Think\Template\TagLib\Cx.class.php 第 495 行.
NOTIC: [8] Undefined offset: 1 D:\wamp\www\mybbs\ThinkPHP\Library\Think\Template\TagLib\Cx.class.php 第 495 行.
NOTIC: [8] Undefined offset: 1 D:\wamp\www\mybbs\ThinkPHP\Library\Think\Template\TagLib\Cx.class.php 第 495 行.
NOTIC: [8] Undefined offset: 1 D:\wamp\www\mybbs\ThinkPHP\Library\Think\Template\TagLib\Cx.class.php 第 495 行.
NOTIC: [8] Undefined offset: 1 D:\wamp\www\mybbs\ThinkPHP\Library\Think\Template\TagLib\Cx.class.php 第 495 行.
INFO: [ template_filter ] --START--
INFO: Run Behavior\ContentReplaceBehavior [ RunTime:0.000000s ]
INFO: [ template_filter ] --END-- [ RunTime:0.000000s ]
INFO: Run Behavior\ParseTemplateBehavior [ RunTime:0.078125s ]
INFO: [ view_parse ] --END-- [ RunTime:0.078125s ]
INFO: [ view_filter ] --START--
INFO: Run Behavior\WriteHtmlCacheBehavior [ RunTime:0.000000s ]
INFO: [ view_filter ] --END-- [ RunTime:0.000000s ]
INFO: [ app_end ] --START--
INFO: Run Behavior\ShowPageTraceBehavior [ RunTime:0.000000s ]
INFO: [ app_end ] --END-- [ RunTime:0.000000s ]

[ 2014-03-27T14:12:34+08:00 ] 127.0.0.1 /mybbs/index.php/Home/Index/yzm.html
INFO: [ app_init ] --START--
INFO: Run Behavior\BuildLiteBehavior [ RunTime:0.000000s ]
INFO: [ app_init ] --END-- [ RunTime:0.000000s ]
INFO: [ app_begin ] --START--
INFO: Run Behavior\ReadHtmlCacheBehavior [ RunTime:0.000000s ]
INFO: [ app_begin ] --END-- [ RunTime:0.015625s ]
INFO: [ app_end ] --START--
INFO: Run Behavior\ShowPageTraceBehavior [ RunTime:0.000000s ]
INFO: [ app_end ] --END-- [ RunTime:0.015625s ]

[ 2014-03-27T14:12:36+08:00 ] 127.0.0.1 /mybbs/index.php/Home/Show/showManage/mbid/24/p/1.html
INFO: [ app_init ] --START--
INFO: Run Behavior\BuildLiteBehavior [ RunTime:0.000000s ]
INFO: [ app_init ] --END-- [ RunTime:0.000000s ]
INFO: [ app_begin ] --START--
INFO: Run Behavior\ReadHtmlCacheBehavior [ RunTime:0.000000s ]
INFO: [ app_begin ] --END-- [ RunTime:0.000000s ]
SQL: SHOW COLUMNS FROM `user_message` [ RunTime:0.000000s ]
ERR: 1146:Table 'bbs.user_message' doesn't exist
 [ SQL语句 ] : SHOW COLUMNS FROM `user_message`
SQL: SHOW COLUMNS FROM user,message [ RunTime:0.000000s ]
ERR: 1064:You have an error in your SQL syntax; check the manual that corresponds to your MySQL server version for the right syntax to use near 'message' at line 1
 [ SQL语句 ] : SHOW COLUMNS FROM user,message
SQL: SELECT user.upic,user.sname,message.mbip,message.mbdate,message.mbtitle,message.mbcontent FROM `user`,`message` WHERE ( message.mbid=24 and user.uid=message.uid )  [ RunTime:0.000000s ]
SQL: SHOW COLUMNS FROM message,user [ RunTime:0.000000s ]
ERR: 1064:You have an error in your SQL syntax; check the manual that corresponds to your MySQL server version for the right syntax to use near 'user' at line 1
 [ SQL语句 ] : SHOW COLUMNS FROM message,user
SQL: SELECT user.sname,user.upic FROM `message`,`user` WHERE ( message.mbid=24 and user.uid=message.uid )  [ RunTime:0.000000s ]
SQL: SHOW COLUMNS FROM `user_messages` [ RunTime:0.015625s ]
ERR: 1146:Table 'bbs.user_messages' doesn't exist
 [ SQL语句 ] : SHOW COLUMNS FROM `user_messages`
SQL: SHOW COLUMNS FROM user,messages [ RunTime:0.000000s ]
ERR: 1064:You have an error in your SQL syntax; check the manual that corresponds to your MySQL server version for the right syntax to use near 'messages' at line 1
 [ SQL语句 ] : SHOW COLUMNS FROM user,messages
SQL: SELECT COUNT(messages.uid) AS tp_count FROM `user`,`messages` WHERE ( messages.mbid=24 and user.uid=messages.uid ) LIMIT 1   [ RunTime:0.000000s ]
SQL: SHOW COLUMNS FROM user,messages [ RunTime:0.000000s ]
ERR: 1064:You have an error in your SQL syntax; check the manual that corresponds to your MySQL server version for the right syntax to use near 'messages' at line 1
 [ SQL语句 ] : SHOW COLUMNS FROM user,messages
SQL: SELECT user.sname,messages.hcontent,messages.htime,user.upic FROM `user`,`messages` WHERE ( messages.mbid=24 and user.uid=messages.uid ) LIMIT 0,5   [ RunTime:0.000000s ]
INFO: [ view_parse ] --START--
NOTIC: [8] Undefined offset: 1 D:\wamp\www\mybbs\ThinkPHP\Library\Think\Template\TagLib\Cx.class.php 第 495 行.
NOTIC: [8] Undefined offset: 1 D:\wamp\www\mybbs\ThinkPHP\Library\Think\Template\TagLib\Cx.class.php 第 495 行.
NOTIC: [8] Undefined offset: 1 D:\wamp\www\mybbs\ThinkPHP\Library\Think\Template\TagLib\Cx.class.php 第 495 行.
NOTIC: [8] Undefined offset: 1 D:\wamp\www\mybbs\ThinkPHP\Library\Think\Template\TagLib\Cx.class.php 第 495 行.
NOTIC: [8] Undefined offset: 1 D:\wamp\www\mybbs\ThinkPHP\Library\Think\Template\TagLib\Cx.class.php 第 495 行.
NOTIC: [8] Undefined offset: 1 D:\wamp\www\mybbs\ThinkPHP\Library\Think\Template\TagLib\Cx.class.php 第 495 行.
INFO: [ template_filter ] --START--
INFO: Run Behavior\ContentReplaceBehavior [ RunTime:0.000000s ]
INFO: [ template_filter ] --END-- [ RunTime:0.000000s ]
INFO: Run Behavior\ParseTemplateBehavior [ RunTime:0.078125s ]
INFO: [ view_parse ] --END-- [ RunTime:0.078125s ]
INFO: [ view_filter ] --START--
INFO: Run Behavior\WriteHtmlCacheBehavior [ RunTime:0.000000s ]
INFO: [ view_filter ] --END-- [ RunTime:0.000000s ]
INFO: [ app_end ] --START--
INFO: Run Behavior\ShowPageTraceBehavior [ RunTime:0.015625s ]
INFO: [ app_end ] --END-- [ RunTime:0.015625s ]

[ 2014-03-27T14:12:36+08:00 ] 127.0.0.1 /mybbs/index.php/Home/Index/yzm.html
INFO: [ app_init ] --START--
INFO: Run Behavior\BuildLiteBehavior [ RunTime:0.000000s ]
INFO: [ app_init ] --END-- [ RunTime:0.000000s ]
INFO: [ app_begin ] --START--
INFO: Run Behavior\ReadHtmlCacheBehavior [ RunTime:0.000000s ]
INFO: [ app_begin ] --END-- [ RunTime:0.000000s ]
INFO: [ app_end ] --START--
INFO: Run Behavior\ShowPageTraceBehavior [ RunTime:0.015625s ]
INFO: [ app_end ] --END-- [ RunTime:0.015625s ]

[ 2014-03-27T14:12:38+08:00 ] 127.0.0.1 /mybbs/index.php/Home/Index/index.html
INFO: [ app_init ] --START--
INFO: Run Behavior\BuildLiteBehavior [ RunTime:0.000000s ]
INFO: [ app_init ] --END-- [ RunTime:0.000000s ]
INFO: [ app_begin ] --START--
INFO: Run Behavior\ReadHtmlCacheBehavior [ RunTime:0.000000s ]
INFO: [ app_begin ] --END-- [ RunTime:0.000000s ]
SQL: SHOW COLUMNS FROM `message` [ RunTime:0.000000s ]
SQL: SELECT `mbid`,`mbtitle`,`mbdate` FROM `message` WHERE ( mdelete=1 ) ORDER BY mbid desc LIMIT 20   [ RunTime:0.000000s ]
SQL: SELECT `mbid`,`mbtitle`,`mbdate` FROM `message` WHERE ( mdelete=1 and mcount>=20 ) LIMIT 20   [ RunTime:0.000000s ]
SQL: SELECT `mbid`,`mbtitle`,`mbdate` FROM `message` WHERE ( mdelete=1 and mbtype=1 ) LIMIT 20   [ RunTime:0.000000s ]
INFO: [ view_parse ] --START--
NOTIC: [8] Undefined offset: 1 D:\wamp\www\mybbs\ThinkPHP\Library\Think\Template\TagLib\Cx.class.php 第 495 行.
NOTIC: [8] Undefined offset: 1 D:\wamp\www\mybbs\ThinkPHP\Library\Think\Template\TagLib\Cx.class.php 第 495 行.
NOTIC: [8] Undefined offset: 1 D:\wamp\www\mybbs\ThinkPHP\Library\Think\Template\TagLib\Cx.class.php 第 495 行.
NOTIC: [8] Undefined offset: 1 D:\wamp\www\mybbs\ThinkPHP\Library\Think\Template\TagLib\Cx.class.php 第 495 行.
NOTIC: [8] Undefined offset: 1 D:\wamp\www\mybbs\ThinkPHP\Library\Think\Template\TagLib\Cx.class.php 第 495 行.
INFO: [ template_filter ] --START--
INFO: Run Behavior\ContentReplaceBehavior [ RunTime:0.000000s ]
INFO: [ template_filter ] --END-- [ RunTime:0.015625s ]
INFO: Run Behavior\ParseTemplateBehavior [ RunTime:0.062500s ]
INFO: [ view_parse ] --END-- [ RunTime:0.062500s ]
INFO: [ view_filter ] --START--
INFO: Run Behavior\WriteHtmlCacheBehavior [ RunTime:0.000000s ]
INFO: [ view_filter ] --END-- [ RunTime:0.000000s ]
INFO: [ app_end ] --START--
INFO: Run Behavior\ShowPageTraceBehavior [ RunTime:0.000000s ]
INFO: [ app_end ] --END-- [ RunTime:0.000000s ]

[ 2014-03-27T14:12:38+08:00 ] 127.0.0.1 /mybbs/index.php/Home/Index/yzm.html
INFO: [ app_init ] --START--
INFO: Run Behavior\BuildLiteBehavior [ RunTime:0.000000s ]
INFO: [ app_init ] --END-- [ RunTime:0.000000s ]
INFO: [ app_begin ] --START--
INFO: Run Behavior\ReadHtmlCacheBehavior [ RunTime:0.015625s ]
INFO: [ app_begin ] --END-- [ RunTime:0.015625s ]
INFO: [ app_end ] --START--
INFO: Run Behavior\ShowPageTraceBehavior [ RunTime:0.000000s ]
INFO: [ app_end ] --END-- [ RunTime:0.000000s ]

